{"/home/travis/build/npmtest/node-npmtest-material-design-lite/test.js":{"path":"/home/travis/build/npmtest/node-npmtest-material-design-lite/test.js","s":{"1":2,"2":2,"3":2,"4":2,"5":2,"6":2,"7":2,"8":1,"9":2,"10":2,"11":1,"12":1,"13":1,"14":1,"15":2,"16":2,"17":2,"18":2,"19":1,"20":1,"21":2,"22":2,"23":2,"24":1,"25":1,"26":1,"27":1,"28":1,"29":1,"30":1,"31":1,"32":1,"33":1,"34":1,"35":1,"36":1,"37":1,"38":1,"39":2,"40":2,"41":1,"42":2,"43":2,"44":1,"45":2,"46":2,"47":1,"48":2,"49":2,"50":1,"51":1,"52":1,"53":1,"54":1},"b":{"1":[2,1,1,1],"2":[1,1,1,1],"3":[1,1],"4":[1,1],"5":[1,1],"6":[1,1],"7":[1,1],"8":[1,1],"9":[1,1],"10":[1,1,1],"11":[1,1],"12":[1,1],"13":[1,1],"14":[1,1],"15":[1,1],"16":[1,1],"17":[1,1]},"f":{"1":2,"2":2,"3":2,"4":2,"5":2,"6":1,"7":1,"8":1,"9":2,"10":2,"11":2,"12":2,"13":1},"fnMap":{"1":{"name":"(anonymous_1)","line":12,"loc":{"start":{"line":12,"column":1},"end":{"line":12,"column":13}}},"2":{"name":"(anonymous_2)","line":19,"loc":{"start":{"line":19,"column":5},"end":{"line":19,"column":17}}},"3":{"name":"(anonymous_3)","line":23,"loc":{"start":{"line":23,"column":24},"end":{"line":23,"column":36}}},"4":{"name":"(anonymous_4)","line":61,"loc":{"start":{"line":61,"column":5},"end":{"line":61,"column":17}}},"5":{"name":"(anonymous_5)","line":82,"loc":{"start":{"line":82,"column":5},"end":{"line":82,"column":17}}},"6":{"name":"(anonymous_6)","line":91,"loc":{"start":{"line":91,"column":77},"end":{"line":94,"column":10}}},"7":{"name":"(anonymous_7)","line":112,"loc":{"start":{"line":112,"column":83},"end":{"line":115,"column":10}},"skip":true},"8":{"name":"(anonymous_8)","line":123,"loc":{"start":{"line":123,"column":77},"end":{"line":126,"column":10}},"skip":true},"9":{"name":"(anonymous_9)","line":139,"loc":{"start":{"line":139,"column":12},"end":{"line":139,"column":40}},"skip":true},"10":{"name":"(anonymous_10)","line":147,"loc":{"start":{"line":147,"column":77},"end":{"line":150,"column":10}},"skip":true},"11":{"name":"(anonymous_11)","line":158,"loc":{"start":{"line":158,"column":83},"end":{"line":161,"column":10}},"skip":true},"12":{"name":"(anonymous_12)","line":169,"loc":{"start":{"line":169,"column":79},"end":{"line":172,"column":10}},"skip":true},"13":{"name":"(anonymous_13)","line":180,"loc":{"start":{"line":180,"column":75},"end":{"line":183,"column":10}},"skip":true}},"statementMap":{"1":{"start":{"line":12,"column":0},"end":{"line":195,"column":5}},"2":{"start":{"line":14,"column":4},"end":{"line":14,"column":14}},"3":{"start":{"line":19,"column":4},"end":{"line":56,"column":9}},"4":{"start":{"line":21,"column":8},"end":{"line":21,"column":19}},"5":{"start":{"line":23,"column":8},"end":{"line":35,"column":13}},"6":{"start":{"line":24,"column":12},"end":{"line":34,"column":13}},"7":{"start":{"line":25,"column":16},"end":{"line":28,"column":30}},"8":{"start":{"line":30,"column":16},"end":{"line":33,"column":27}},"9":{"start":{"line":37,"column":8},"end":{"line":39,"column":21}},"10":{"start":{"line":40,"column":8},"end":{"line":53,"column":9}},"11":{"start":{"line":43,"column":12},"end":{"line":46,"column":14}},"12":{"start":{"line":47,"column":12},"end":{"line":47,"column":18}},"13":{"start":{"line":50,"column":12},"end":{"line":51,"column":46}},"14":{"start":{"line":52,"column":12},"end":{"line":52,"column":18}},"15":{"start":{"line":55,"column":8},"end":{"line":55,"column":35}},"16":{"start":{"line":61,"column":4},"end":{"line":63,"column":9}},"17":{"start":{"line":62,"column":8},"end":{"line":62,"column":15}},"18":{"start":{"line":64,"column":4},"end":{"line":77,"column":5}},"19":{"start":{"line":70,"column":8},"end":{"line":70,"column":14}},"20":{"start":{"line":76,"column":8},"end":{"line":76,"column":14}},"21":{"start":{"line":82,"column":4},"end":{"line":84,"column":9}},"22":{"start":{"line":83,"column":8},"end":{"line":83,"column":15}},"23":{"start":{"line":85,"column":4},"end":{"line":194,"column":5}},"24":{"start":{"line":91,"column":8},"end":{"line":99,"column":10}},"25":{"start":{"line":98,"column":12},"end":{"line":98,"column":35}},"26":{"start":{"line":102,"column":8},"end":{"line":104,"column":63}},"27":{"start":{"line":105,"column":8},"end":{"line":105,"column":14}},"28":{"start":{"line":112,"column":8},"end":{"line":121,"column":10},"skip":true},"29":{"start":{"line":119,"column":12},"end":{"line":119,"column":55},"skip":true},"30":{"start":{"line":120,"column":12},"end":{"line":120,"column":48},"skip":true},"31":{"start":{"line":123,"column":8},"end":{"line":136,"column":10},"skip":true},"32":{"start":{"line":130,"column":12},"end":{"line":130,"column":76},"skip":true},"33":{"start":{"line":131,"column":12},"end":{"line":131,"column":73},"skip":true},"34":{"start":{"line":132,"column":12},"end":{"line":132,"column":74},"skip":true},"35":{"start":{"line":133,"column":12},"end":{"line":133,"column":79},"skip":true},"36":{"start":{"line":134,"column":12},"end":{"line":134,"column":25},"skip":true},"37":{"start":{"line":135,"column":12},"end":{"line":135,"column":45},"skip":true},"38":{"start":{"line":138,"column":8},"end":{"line":145,"column":14},"skip":true},"39":{"start":{"line":143,"column":16},"end":{"line":143,"column":29},"skip":true},"40":{"start":{"line":144,"column":16},"end":{"line":144,"column":55},"skip":true},"41":{"start":{"line":147,"column":8},"end":{"line":156,"column":10},"skip":true},"42":{"start":{"line":154,"column":12},"end":{"line":154,"column":25},"skip":true},"43":{"start":{"line":155,"column":12},"end":{"line":155,"column":45},"skip":true},"44":{"start":{"line":158,"column":8},"end":{"line":167,"column":10},"skip":true},"45":{"start":{"line":165,"column":12},"end":{"line":165,"column":25},"skip":true},"46":{"start":{"line":166,"column":12},"end":{"line":166,"column":48},"skip":true},"47":{"start":{"line":169,"column":8},"end":{"line":178,"column":10},"skip":true},"48":{"start":{"line":176,"column":12},"end":{"line":176,"column":25},"skip":true},"49":{"start":{"line":177,"column":12},"end":{"line":177,"column":46},"skip":true},"50":{"start":{"line":180,"column":8},"end":{"line":189,"column":10},"skip":true},"51":{"start":{"line":187,"column":12},"end":{"line":187,"column":94},"skip":true},"52":{"start":{"line":188,"column":12},"end":{"line":188,"column":48},"skip":true},"53":{"start":{"line":192,"column":8},"end":{"line":192,"column":35},"skip":true},"54":{"start":{"line":193,"column":8},"end":{"line":193,"column":14},"skip":true}},"branchMap":{"1":{"line":25,"type":"binary-expr","locations":[{"start":{"line":25,"column":23},"end":{"line":25,"column":62}},{"start":{"line":26,"column":20},"end":{"line":26,"column":70}},{"start":{"line":27,"column":20},"end":{"line":27,"column":71}},{"start":{"line":28,"column":20},"end":{"line":28,"column":29}}]},"2":{"line":30,"type":"binary-expr","locations":[{"start":{"line":30,"column":23},"end":{"line":30,"column":37}},{"start":{"line":31,"column":20},"end":{"line":31,"column":61}},{"start":{"line":32,"column":20},"end":{"line":32,"column":70}},{"start":{"line":33,"column":20},"end":{"line":33,"column":26}}]},"3":{"line":37,"type":"cond-expr","locations":[{"start":{"line":38,"column":14},"end":{"line":38,"column":20}},{"start":{"line":39,"column":14},"end":{"line":39,"column":20}}]},"4":{"line":40,"type":"switch","locations":[{"start":{"line":42,"column":8},"end":{"line":47,"column":18}},{"start":{"line":49,"column":8},"end":{"line":52,"column":18}}]},"5":{"line":44,"type":"binary-expr","locations":[{"start":{"line":44,"column":16},"end":{"line":44,"column":44}},{"start":{"line":44,"column":48},"end":{"line":44,"column":66}}]},"6":{"line":50,"type":"binary-expr","locations":[{"start":{"line":50,"column":21},"end":{"line":50,"column":49}},{"start":{"line":50,"column":53},"end":{"line":50,"column":72}}]},"7":{"line":64,"type":"switch","locations":[{"start":{"line":69,"column":4},"end":{"line":70,"column":14}},{"start":{"line":75,"column":4},"end":{"line":76,"column":14}}]},"8":{"line":85,"type":"switch","locations":[{"start":{"line":90,"column":4},"end":{"line":105,"column":14}},{"start":{"line":111,"column":4},"end":{"line":193,"column":14},"skip":true}]},"9":{"line":91,"type":"binary-expr","locations":[{"start":{"line":91,"column":42},"end":{"line":91,"column":73}},{"start":{"line":91,"column":77},"end":{"line":99,"column":9}}]},"10":{"line":102,"type":"binary-expr","locations":[{"start":{"line":102,"column":18},"end":{"line":102,"column":32}},{"start":{"line":103,"column":12},"end":{"line":103,"column":53}},{"start":{"line":104,"column":12},"end":{"line":104,"column":61}}]},"11":{"line":112,"type":"binary-expr","locations":[{"start":{"line":112,"column":45},"end":{"line":112,"column":79},"skip":true},{"start":{"line":112,"column":83},"end":{"line":121,"column":9},"skip":true}]},"12":{"line":123,"type":"binary-expr","locations":[{"start":{"line":123,"column":42},"end":{"line":123,"column":73},"skip":true},{"start":{"line":123,"column":77},"end":{"line":136,"column":9},"skip":true}]},"13":{"line":138,"type":"binary-expr","locations":[{"start":{"line":138,"column":48},"end":{"line":138,"column":85},"skip":true},{"start":{"line":139,"column":12},"end":{"line":145,"column":13},"skip":true}]},"14":{"line":147,"type":"binary-expr","locations":[{"start":{"line":147,"column":42},"end":{"line":147,"column":73},"skip":true},{"start":{"line":147,"column":77},"end":{"line":156,"column":9},"skip":true}]},"15":{"line":158,"type":"binary-expr","locations":[{"start":{"line":158,"column":45},"end":{"line":158,"column":79},"skip":true},{"start":{"line":158,"column":83},"end":{"line":167,"column":9},"skip":true}]},"16":{"line":169,"type":"binary-expr","locations":[{"start":{"line":169,"column":43},"end":{"line":169,"column":75},"skip":true},{"start":{"line":169,"column":79},"end":{"line":178,"column":9},"skip":true}]},"17":{"line":180,"type":"binary-expr","locations":[{"start":{"line":180,"column":41},"end":{"line":180,"column":71},"skip":true},{"start":{"line":180,"column":75},"end":{"line":189,"column":9},"skip":true}]}},"code":["/* istanbul instrument in package npmtest_material_design_lite */","/*jslint","    bitwise: true,","    browser: true,","    maxerr: 8,","    maxlen: 96,","    node: true,","    nomen: true,","    regexp: true,","    stupid: true","*/","(function () {","    'use strict';","    var local;","","","","    // run shared js-env code - pre-init","    (function () {","        // init local","        local = {};","        // init modeJs","        local.modeJs = (function () {","            try {","                return typeof navigator.userAgent === 'string' &&","                    typeof document.querySelector('body') === 'object' &&","                    typeof XMLHttpRequest.prototype.open === 'function' &&","                    'browser';","            } catch (errorCaughtBrowser) {","                return module.exports &&","                    typeof process.versions.node === 'string' &&","                    typeof require('http').createServer === 'function' &&","                    'node';","            }","        }());","        // init global","        local.global = local.modeJs === 'browser'","            ? window","            : global;","        switch (local.modeJs) {","        // re-init local from window.local","        case 'browser':","            local = local.global.utility2.objectSetDefault(","                local.global.utility2_rollup || local.global.local,","                local.global.utility2","            );","            break;","        // re-init local from example.js","        case 'node':","            local = (local.global.utility2_rollup || require('utility2'))","                .requireExampleJsFromReadme();","            break;","        }","        // export local","        local.global.local = local;","    }());","","","","    // run shared js-env code - function","    (function () {","        return;","    }());","    switch (local.modeJs) {","","","","    // run browser js-env code - function","    case 'browser':","        break;","","","","    // run node js-env code - function","    case 'node':","        break;","    }","","","","    // run shared js-env code - post-init","    (function () {","        return;","    }());","    switch (local.modeJs) {","","","","    // run browser js-env code - post-init","    case 'browser':","        local.testCase_browser_nullCase = local.testCase_browser_nullCase || function (","            options,","            onError","        ) {","        /*","         * this function will test browsers's null-case handling-behavior-behavior","         */","            onError(null, options);","        };","","        // run tests","        local.nop(local.modeTest &&","            document.querySelector('#testRunButton1') &&","            document.querySelector('#testRunButton1').click());","        break;","","","","    // run node js-env code - post-init","    /* istanbul ignore next */","    case 'node':","        local.testCase_buildApidoc_default = local.testCase_buildApidoc_default || function (","            options,","            onError","        ) {","        /*","         * this function will test buildApidoc's default handling-behavior-behavior","         */","            options = { modulePathList: module.paths };","            local.buildApidoc(options, onError);","        };","","        local.testCase_buildApp_default = local.testCase_buildApp_default || function (","            options,","            onError","        ) {","        /*","         * this function will test buildApp's default handling-behavior-behavior","         */","            local.testCase_buildReadme_default(options, local.onErrorThrow);","            local.testCase_buildLib_default(options, local.onErrorThrow);","            local.testCase_buildTest_default(options, local.onErrorThrow);","            local.testCase_buildCustomOrg_default(options, local.onErrorThrow);","            options = [];","            local.buildApp(options, onError);","        };","","        local.testCase_buildCustomOrg_default = local.testCase_buildCustomOrg_default ||","            function (options, onError) {","            /*","             * this function will test buildCustomOrg's default handling-behavior","             */","                options = {};","                local.buildCustomOrg(options, onError);","            };","","        local.testCase_buildLib_default = local.testCase_buildLib_default || function (","            options,","            onError","        ) {","        /*","         * this function will test buildLib's default handling-behavior","         */","            options = {};","            local.buildLib(options, onError);","        };","","        local.testCase_buildReadme_default = local.testCase_buildReadme_default || function (","            options,","            onError","        ) {","        /*","         * this function will test buildReadme's default handling-behavior-behavior","         */","            options = {};","            local.buildReadme(options, onError);","        };","","        local.testCase_buildTest_default = local.testCase_buildTest_default || function (","            options,","            onError","        ) {","        /*","         * this function will test buildTest's default handling-behavior","         */","            options = {};","            local.buildTest(options, onError);","        };","","        local.testCase_webpage_default = local.testCase_webpage_default || function (","            options,","            onError","        ) {","        /*","         * this function will test webpage's default handling-behavior","         */","            options = { modeCoverageMerge: true, url: local.serverLocalHost + '?modeTest=1' };","            local.browserTest(options, onError);","        };","","        // run test-server","        local.testRunServer(local);","        break;","    }","}());",""],"l":{"12":2,"14":2,"19":2,"21":2,"23":2,"24":2,"25":2,"30":1,"37":2,"40":2,"43":1,"47":1,"50":1,"52":1,"55":2,"61":2,"62":2,"64":2,"70":1,"76":1,"82":2,"83":2,"85":2,"91":1,"98":1,"102":1,"105":1,"112":1,"119":1,"120":1,"123":1,"130":1,"131":1,"132":1,"133":1,"134":1,"135":1,"138":1,"143":2,"144":2,"147":1,"154":2,"155":2,"158":1,"165":2,"166":2,"169":1,"176":2,"177":2,"180":1,"187":1,"188":1,"192":1,"193":1}},"/home/travis/build/npmtest/node-npmtest-material-design-lite/lib.npmtest_material_design_lite.js":{"path":"/home/travis/build/npmtest/node-npmtest-material-design-lite/lib.npmtest_material_design_lite.js","s":{"1":2,"2":2,"3":2,"4":2,"5":2,"6":2,"7":2,"8":1,"9":2,"10":2,"11":2,"12":2,"13":1,"14":1,"15":1,"16":1},"b":{"1":[2,1,1,1],"2":[1,1,1,1],"3":[1,1],"4":[2,2],"5":[1,1]},"f":{"1":2,"2":2,"3":2},"fnMap":{"1":{"name":"(anonymous_1)","line":12,"loc":{"start":{"line":12,"column":1},"end":{"line":12,"column":13}}},"2":{"name":"(anonymous_2)","line":19,"loc":{"start":{"line":19,"column":5},"end":{"line":19,"column":17}}},"3":{"name":"(anonymous_3)","line":23,"loc":{"start":{"line":23,"column":24},"end":{"line":23,"column":36}}}},"statementMap":{"1":{"start":{"line":12,"column":0},"end":{"line":53,"column":5}},"2":{"start":{"line":14,"column":4},"end":{"line":14,"column":14}},"3":{"start":{"line":19,"column":4},"end":{"line":52,"column":9}},"4":{"start":{"line":21,"column":8},"end":{"line":21,"column":19}},"5":{"start":{"line":23,"column":8},"end":{"line":35,"column":13}},"6":{"start":{"line":24,"column":12},"end":{"line":34,"column":13}},"7":{"start":{"line":25,"column":16},"end":{"line":28,"column":30}},"8":{"start":{"line":30,"column":16},"end":{"line":33,"column":27}},"9":{"start":{"line":37,"column":8},"end":{"line":39,"column":21}},"10":{"start":{"line":41,"column":8},"end":{"line":41,"column":54}},"11":{"start":{"line":43,"column":8},"end":{"line":43,"column":65}},"12":{"start":{"line":45,"column":8},"end":{"line":51,"column":9}},"13":{"start":{"line":46,"column":12},"end":{"line":46,"column":71}},"14":{"start":{"line":48,"column":12},"end":{"line":48,"column":35}},"15":{"start":{"line":49,"column":12},"end":{"line":49,"column":49}},"16":{"start":{"line":50,"column":12},"end":{"line":50,"column":43}}},"branchMap":{"1":{"line":25,"type":"binary-expr","locations":[{"start":{"line":25,"column":23},"end":{"line":25,"column":62}},{"start":{"line":26,"column":20},"end":{"line":26,"column":70}},{"start":{"line":27,"column":20},"end":{"line":27,"column":71}},{"start":{"line":28,"column":20},"end":{"line":28,"column":29}}]},"2":{"line":30,"type":"binary-expr","locations":[{"start":{"line":30,"column":23},"end":{"line":30,"column":37}},{"start":{"line":31,"column":20},"end":{"line":31,"column":61}},{"start":{"line":32,"column":20},"end":{"line":32,"column":70}},{"start":{"line":33,"column":20},"end":{"line":33,"column":26}}]},"3":{"line":37,"type":"cond-expr","locations":[{"start":{"line":38,"column":14},"end":{"line":38,"column":20}},{"start":{"line":39,"column":14},"end":{"line":39,"column":20}}]},"4":{"line":41,"type":"binary-expr","locations":[{"start":{"line":41,"column":16},"end":{"line":41,"column":44}},{"start":{"line":41,"column":48},"end":{"line":41,"column":53}}]},"5":{"line":45,"type":"if","locations":[{"start":{"line":45,"column":8},"end":{"line":45,"column":8}},{"start":{"line":45,"column":8},"end":{"line":45,"column":8}}]}},"code":["/* istanbul instrument in package npmtest_material_design_lite */","/*jslint","    bitwise: true,","    browser: true,","    maxerr: 8,","    maxlen: 96,","    node: true,","    nomen: true,","    regexp: true,","    stupid: true","*/","(function () {","    'use strict';","    var local;","","","","    // run shared js-env code - pre-init","    (function () {","        // init local","        local = {};","        // init modeJs","        local.modeJs = (function () {","            try {","                return typeof navigator.userAgent === 'string' &&","                    typeof document.querySelector('body') === 'object' &&","                    typeof XMLHttpRequest.prototype.open === 'function' &&","                    'browser';","            } catch (errorCaughtBrowser) {","                return module.exports &&","                    typeof process.versions.node === 'string' &&","                    typeof require('http').createServer === 'function' &&","                    'node';","            }","        }());","        // init global","        local.global = local.modeJs === 'browser'","            ? window","            : global;","        // init utility2_rollup","        local = local.global.utility2_rollup || local;","        // init lib","        local.local = local.npmtest_material_design_lite = local;","        // init exports","        if (local.modeJs === 'browser') {","            local.global.utility2_npmtest_material_design_lite = local;","        } else {","            module.exports = local;","            module.exports.__dirname = __dirname;","            module.exports.module = module;","        }","    }());","}());",""],"l":{"12":2,"14":2,"19":2,"21":2,"23":2,"24":2,"25":2,"30":1,"37":2,"41":2,"43":2,"45":2,"46":1,"48":1,"49":1,"50":1}},"/home/travis/build/npmtest/node-npmtest-material-design-lite/example.js":{"path":"/home/travis/build/npmtest/node-npmtest-material-design-lite/example.js","s":{"1":2,"2":2,"3":2,"4":2,"5":2,"6":2,"7":2,"8":1,"9":2,"10":2,"11":2,"12":2,"13":1,"14":2,"15":2,"16":2,"17":2,"18":2,"19":0,"20":2,"21":1,"22":1,"23":1,"24":1,"25":1,"26":0,"27":0,"28":1,"29":1,"30":2,"31":0,"32":0,"33":0,"34":1,"35":2,"36":2,"37":3,"38":3,"39":3,"40":3,"41":0,"42":3,"43":3,"44":3,"45":1,"46":3,"47":1,"48":1,"49":1,"50":1,"51":1,"52":1,"53":1,"54":1,"55":1,"56":1,"57":0,"58":1,"59":6,"60":6,"61":1,"62":2,"63":0,"64":2,"65":1,"66":1,"67":0,"68":0,"69":0,"70":0,"71":0,"72":0,"73":0,"74":0,"75":0,"76":0,"77":0,"78":0,"79":0,"80":0,"81":0,"82":0,"83":0},"b":{"1":[2,1,1,1],"2":[1,1,1,1],"3":[1,1],"4":[2,2],"5":[1,1],"6":[1,1],"7":[2,0],"8":[2,1,1,1,1,1],"9":[0,2,0],"10":[1,1],"11":[2,1,1],"12":[1,0],"13":[0,2],"14":[2,0,0,0,0,0,0],"15":[0,3],"16":[3,0],"17":[1,1],"18":[0,1],"19":[1,2,0,2],"20":[1,0],"21":[1,1],"22":[0,0],"23":[0,0],"24":[0,0],"25":[0,0],"26":[0,0],"27":[0,0],"28":[0,0]},"f":{"1":2,"2":2,"3":2,"4":2,"5":2,"6":2,"7":3,"8":3,"9":3,"10":1,"11":6,"12":0},"fnMap":{"1":{"name":"(anonymous_1)","line":26,"loc":{"start":{"line":26,"column":1},"end":{"line":26,"column":13}}},"2":{"name":"(anonymous_2)","line":33,"loc":{"start":{"line":33,"column":5},"end":{"line":33,"column":17}}},"3":{"name":"(anonymous_3)","line":37,"loc":{"start":{"line":37,"column":24},"end":{"line":37,"column":36}}},"4":{"name":"(anonymous_4)","line":69,"loc":{"start":{"line":69,"column":31},"end":{"line":69,"column":48}},"skip":true},"5":{"name":"(anonymous_5)","line":78,"loc":{"start":{"line":78,"column":26},"end":{"line":78,"column":45}},"skip":true},"6":{"name":"(anonymous_6)","line":123,"loc":{"start":{"line":123,"column":33},"end":{"line":123,"column":48}},"skip":true},"7":{"name":"(anonymous_7)","line":125,"loc":{"start":{"line":125,"column":27},"end":{"line":125,"column":39}},"skip":true},"8":{"name":"(anonymous_8)","line":133,"loc":{"start":{"line":133,"column":59},"end":{"line":133,"column":74}},"skip":true},"9":{"name":"(anonymous_9)","line":143,"loc":{"start":{"line":143,"column":45},"end":{"line":143,"column":62}},"skip":true},"10":{"name":"(anonymous_10)","line":144,"loc":{"start":{"line":144,"column":73},"end":{"line":144,"column":92}},"skip":true},"11":{"name":"(anonymous_11)","line":272,"loc":{"start":{"line":272,"column":51},"end":{"line":272,"column":77}},"skip":true},"12":{"name":"(anonymous_12)","line":315,"loc":{"start":{"line":315,"column":32},"end":{"line":315,"column":61}},"skip":true}},"statementMap":{"1":{"start":{"line":26,"column":0},"end":{"line":326,"column":5}},"2":{"start":{"line":28,"column":4},"end":{"line":28,"column":14}},"3":{"start":{"line":33,"column":4},"end":{"line":60,"column":9}},"4":{"start":{"line":35,"column":8},"end":{"line":35,"column":19}},"5":{"start":{"line":37,"column":8},"end":{"line":49,"column":13}},"6":{"start":{"line":38,"column":12},"end":{"line":48,"column":13}},"7":{"start":{"line":39,"column":16},"end":{"line":42,"column":30}},"8":{"start":{"line":44,"column":16},"end":{"line":47,"column":27}},"9":{"start":{"line":51,"column":8},"end":{"line":53,"column":21}},"10":{"start":{"line":55,"column":8},"end":{"line":57,"column":45}},"11":{"start":{"line":59,"column":8},"end":{"line":59,"column":35}},"12":{"start":{"line":61,"column":4},"end":{"line":325,"column":5}},"13":{"start":{"line":69,"column":8},"end":{"line":121,"column":10},"skip":true},"14":{"start":{"line":70,"column":12},"end":{"line":88,"column":13},"skip":true},"15":{"start":{"line":76,"column":16},"end":{"line":87,"column":19},"skip":true},"16":{"start":{"line":79,"column":20},"end":{"line":86,"column":21},"skip":true},"17":{"start":{"line":82,"column":24},"end":{"line":82,"column":43},"skip":true},"18":{"start":{"line":83,"column":24},"end":{"line":83,"column":30},"skip":true},"19":{"start":{"line":85,"column":24},"end":{"line":85,"column":49},"skip":true},"20":{"start":{"line":89,"column":12},"end":{"line":107,"column":13},"skip":true},"21":{"start":{"line":92,"column":16},"end":{"line":102,"column":17},"skip":true},"22":{"start":{"line":93,"column":20},"end":{"line":93,"column":86},"skip":true},"23":{"start":{"line":94,"column":20},"end":{"line":95,"column":45},"skip":true},"24":{"start":{"line":96,"column":20},"end":{"line":96,"column":42},"skip":true},"25":{"start":{"line":97,"column":20},"end":{"line":97,"column":48},"skip":true},"26":{"start":{"line":100,"column":20},"end":{"line":100,"column":85},"skip":true},"27":{"start":{"line":101,"column":20},"end":{"line":101,"column":96},"skip":true},"28":{"start":{"line":103,"column":16},"end":{"line":103,"column":22},"skip":true},"29":{"start":{"line":106,"column":16},"end":{"line":106,"column":22},"skip":true},"30":{"start":{"line":108,"column":12},"end":{"line":120,"column":13},"skip":true},"31":{"start":{"line":114,"column":16},"end":{"line":119,"column":17},"skip":true},"32":{"start":{"line":116,"column":20},"end":{"line":116,"column":78},"skip":true},"33":{"start":{"line":118,"column":20},"end":{"line":118,"column":47},"skip":true},"34":{"start":{"line":123,"column":8},"end":{"line":141,"column":11},"skip":true},"35":{"start":{"line":124,"column":12},"end":{"line":124,"column":54},"skip":true},"36":{"start":{"line":125,"column":12},"end":{"line":140,"column":14},"skip":true},"37":{"start":{"line":126,"column":16},"end":{"line":126,"column":28},"skip":true},"38":{"start":{"line":127,"column":16},"end":{"line":127,"column":69},"skip":true},"39":{"start":{"line":128,"column":16},"end":{"line":128,"column":75},"skip":true},"40":{"start":{"line":129,"column":16},"end":{"line":131,"column":17},"skip":true},"41":{"start":{"line":130,"column":20},"end":{"line":130,"column":27},"skip":true},"42":{"start":{"line":133,"column":16},"end":{"line":137,"column":36},"skip":true},"43":{"start":{"line":134,"column":20},"end":{"line":136,"column":55},"skip":true},"44":{"start":{"line":139,"column":16},"end":{"line":139,"column":57},"skip":true},"45":{"start":{"line":143,"column":8},"end":{"line":147,"column":11},"skip":true},"46":{"start":{"line":144,"column":12},"end":{"line":146,"column":15},"skip":true},"47":{"start":{"line":145,"column":16},"end":{"line":145,"column":70},"skip":true},"48":{"start":{"line":149,"column":8},"end":{"line":149,"column":31},"skip":true},"49":{"start":{"line":150,"column":8},"end":{"line":150,"column":14},"skip":true},"50":{"start":{"line":158,"column":8},"end":{"line":158,"column":31},"skip":true},"51":{"start":{"line":160,"column":8},"end":{"line":160,"column":33},"skip":true},"52":{"start":{"line":161,"column":8},"end":{"line":161,"column":37},"skip":true},"53":{"start":{"line":162,"column":8},"end":{"line":162,"column":35},"skip":true},"54":{"start":{"line":164,"column":8},"end":{"line":164,"column":50},"skip":true},"55":{"start":{"line":166,"column":8},"end":{"line":256,"column":2},"skip":true},"56":{"start":{"line":258,"column":8},"end":{"line":286,"column":9},"skip":true},"57":{"start":{"line":259,"column":12},"end":{"line":269,"column":14},"skip":true},"58":{"start":{"line":271,"column":12},"end":{"line":285,"column":19},"skip":true},"59":{"start":{"line":274,"column":20},"end":{"line":274,"column":35},"skip":true},"60":{"start":{"line":275,"column":20},"end":{"line":284,"column":21},"skip":true},"61":{"start":{"line":277,"column":24},"end":{"line":277,"column":64},"skip":true},"62":{"start":{"line":279,"column":24},"end":{"line":279,"column":40},"skip":true},"63":{"start":{"line":281,"column":24},"end":{"line":281,"column":40},"skip":true},"64":{"start":{"line":283,"column":24},"end":{"line":283,"column":39},"skip":true},"65":{"start":{"line":288,"column":8},"end":{"line":290,"column":9},"skip":true},"66":{"start":{"line":289,"column":12},"end":{"line":289,"column":18},"skip":true},"67":{"start":{"line":291,"column":8},"end":{"line":293,"column":54},"skip":true},"68":{"start":{"line":296,"column":8},"end":{"line":301,"column":37},"skip":true},"69":{"start":{"line":303,"column":8},"end":{"line":303,"column":82},"skip":true},"70":{"start":{"line":306,"column":8},"end":{"line":308,"column":9},"skip":true},"71":{"start":{"line":307,"column":12},"end":{"line":307,"column":82},"skip":true},"72":{"start":{"line":310,"column":8},"end":{"line":312,"column":9},"skip":true},"73":{"start":{"line":311,"column":12},"end":{"line":311,"column":18},"skip":true},"74":{"start":{"line":313,"column":8},"end":{"line":313,"column":54},"skip":true},"75":{"start":{"line":314,"column":8},"end":{"line":314,"column":69},"skip":true},"76":{"start":{"line":315,"column":8},"end":{"line":323,"column":36},"skip":true},"77":{"start":{"line":316,"column":12},"end":{"line":316,"column":61},"skip":true},"78":{"start":{"line":317,"column":12},"end":{"line":320,"column":13},"skip":true},"79":{"start":{"line":318,"column":16},"end":{"line":318,"column":75},"skip":true},"80":{"start":{"line":319,"column":16},"end":{"line":319,"column":23},"skip":true},"81":{"start":{"line":321,"column":12},"end":{"line":321,"column":38},"skip":true},"82":{"start":{"line":322,"column":12},"end":{"line":322,"column":27},"skip":true},"83":{"start":{"line":324,"column":8},"end":{"line":324,"column":14},"skip":true}},"branchMap":{"1":{"line":39,"type":"binary-expr","locations":[{"start":{"line":39,"column":23},"end":{"line":39,"column":62}},{"start":{"line":40,"column":20},"end":{"line":40,"column":70}},{"start":{"line":41,"column":20},"end":{"line":41,"column":71}},{"start":{"line":42,"column":20},"end":{"line":42,"column":29}}]},"2":{"line":44,"type":"binary-expr","locations":[{"start":{"line":44,"column":23},"end":{"line":44,"column":37}},{"start":{"line":45,"column":20},"end":{"line":45,"column":61}},{"start":{"line":46,"column":20},"end":{"line":46,"column":70}},{"start":{"line":47,"column":20},"end":{"line":47,"column":26}}]},"3":{"line":51,"type":"cond-expr","locations":[{"start":{"line":52,"column":14},"end":{"line":52,"column":20}},{"start":{"line":53,"column":14},"end":{"line":53,"column":20}}]},"4":{"line":55,"type":"binary-expr","locations":[{"start":{"line":55,"column":16},"end":{"line":55,"column":44}},{"start":{"line":55,"column":49},"end":{"line":57,"column":43}}]},"5":{"line":55,"type":"cond-expr","locations":[{"start":{"line":56,"column":14},"end":{"line":56,"column":64}},{"start":{"line":57,"column":14},"end":{"line":57,"column":43}}]},"6":{"line":61,"type":"switch","locations":[{"start":{"line":68,"column":4},"end":{"line":150,"column":14},"skip":true},{"start":{"line":156,"column":4},"end":{"line":324,"column":14},"skip":true}]},"7":{"line":70,"type":"if","locations":[{"start":{"line":70,"column":12},"end":{"line":70,"column":12},"skip":true},{"start":{"line":70,"column":12},"end":{"line":70,"column":12},"skip":true}]},"8":{"line":70,"type":"binary-expr","locations":[{"start":{"line":70,"column":16},"end":{"line":70,"column":22},"skip":true},{"start":{"line":70,"column":27},"end":{"line":70,"column":32},"skip":true},{"start":{"line":71,"column":20},"end":{"line":71,"column":39},"skip":true},{"start":{"line":72,"column":20},"end":{"line":72,"column":49},"skip":true},{"start":{"line":73,"column":20},"end":{"line":73,"column":58},"skip":true},{"start":{"line":74,"column":20},"end":{"line":74,"column":69},"skip":true}]},"9":{"line":79,"type":"switch","locations":[{"start":{"line":80,"column":20},"end":{"line":80,"column":33},"skip":true},{"start":{"line":81,"column":20},"end":{"line":83,"column":30},"skip":true},{"start":{"line":84,"column":20},"end":{"line":85,"column":49},"skip":true}]},"10":{"line":89,"type":"switch","locations":[{"start":{"line":90,"column":12},"end":{"line":103,"column":22},"skip":true},{"start":{"line":105,"column":12},"end":{"line":106,"column":22},"skip":true}]},"11":{"line":89,"type":"binary-expr","locations":[{"start":{"line":89,"column":20},"end":{"line":89,"column":25},"skip":true},{"start":{"line":89,"column":29},"end":{"line":89,"column":48},"skip":true},{"start":{"line":89,"column":52},"end":{"line":89,"column":74},"skip":true}]},"12":{"line":92,"type":"if","locations":[{"start":{"line":92,"column":16},"end":{"line":92,"column":16},"skip":true},{"start":{"line":92,"column":16},"end":{"line":92,"column":16},"skip":true}]},"13":{"line":108,"type":"if","locations":[{"start":{"line":108,"column":12},"end":{"line":108,"column":12},"skip":true},{"start":{"line":108,"column":12},"end":{"line":108,"column":12},"skip":true}]},"14":{"line":108,"type":"binary-expr","locations":[{"start":{"line":108,"column":16},"end":{"line":108,"column":61},"skip":true},{"start":{"line":108,"column":66},"end":{"line":108,"column":72},"skip":true},{"start":{"line":108,"column":77},"end":{"line":108,"column":82},"skip":true},{"start":{"line":109,"column":20},"end":{"line":109,"column":39},"skip":true},{"start":{"line":110,"column":20},"end":{"line":110,"column":49},"skip":true},{"start":{"line":111,"column":20},"end":{"line":111,"column":58},"skip":true},{"start":{"line":112,"column":20},"end":{"line":112,"column":68},"skip":true}]},"15":{"line":129,"type":"if","locations":[{"start":{"line":129,"column":16},"end":{"line":129,"column":16},"skip":true},{"start":{"line":129,"column":16},"end":{"line":129,"column":16},"skip":true}]},"16":{"line":134,"type":"cond-expr","locations":[{"start":{"line":135,"column":26},"end":{"line":135,"column":29},"skip":true},{"start":{"line":136,"column":26},"end":{"line":136,"column":54},"skip":true}]},"17":{"line":164,"type":"binary-expr","locations":[{"start":{"line":164,"column":27},"end":{"line":164,"column":43},"skip":true},{"start":{"line":164,"column":47},"end":{"line":164,"column":49},"skip":true}]},"18":{"line":258,"type":"if","locations":[{"start":{"line":258,"column":8},"end":{"line":258,"column":8},"skip":true},{"start":{"line":258,"column":8},"end":{"line":258,"column":8},"skip":true}]},"19":{"line":275,"type":"switch","locations":[{"start":{"line":276,"column":20},"end":{"line":277,"column":64},"skip":true},{"start":{"line":278,"column":20},"end":{"line":279,"column":40},"skip":true},{"start":{"line":280,"column":20},"end":{"line":281,"column":40},"skip":true},{"start":{"line":282,"column":20},"end":{"line":283,"column":39},"skip":true}]},"20":{"line":288,"type":"if","locations":[{"start":{"line":288,"column":8},"end":{"line":288,"column":8},"skip":true},{"start":{"line":288,"column":8},"end":{"line":288,"column":8},"skip":true}]},"21":{"line":288,"type":"binary-expr","locations":[{"start":{"line":288,"column":12},"end":{"line":288,"column":40},"skip":true},{"start":{"line":288,"column":44},"end":{"line":288,"column":67},"skip":true}]},"22":{"line":292,"type":"binary-expr","locations":[{"start":{"line":292,"column":12},"end":{"line":292,"column":50},"skip":true},{"start":{"line":293,"column":12},"end":{"line":293,"column":53},"skip":true}]},"23":{"line":297,"type":"binary-expr","locations":[{"start":{"line":297,"column":12},"end":{"line":297,"column":78},"skip":true},{"start":{"line":298,"column":12},"end":{"line":301,"column":36},"skip":true}]},"24":{"line":303,"type":"binary-expr","locations":[{"start":{"line":303,"column":43},"end":{"line":303,"column":75},"skip":true},{"start":{"line":303,"column":79},"end":{"line":303,"column":81},"skip":true}]},"25":{"line":306,"type":"if","locations":[{"start":{"line":306,"column":8},"end":{"line":306,"column":8},"skip":true},{"start":{"line":306,"column":8},"end":{"line":306,"column":8},"skip":true}]},"26":{"line":310,"type":"if","locations":[{"start":{"line":310,"column":8},"end":{"line":310,"column":8},"skip":true},{"start":{"line":310,"column":8},"end":{"line":310,"column":8},"skip":true}]},"27":{"line":313,"type":"binary-expr","locations":[{"start":{"line":313,"column":27},"end":{"line":313,"column":43},"skip":true},{"start":{"line":313,"column":47},"end":{"line":313,"column":53},"skip":true}]},"28":{"line":317,"type":"if","locations":[{"start":{"line":317,"column":12},"end":{"line":317,"column":12},"skip":true},{"start":{"line":317,"column":12},"end":{"line":317,"column":12},"skip":true}]}},"code":["/*","example.js","","quickstart example","","instruction","    1. save this script as example.js","    2. run the shell command:","        $ npm install npmtest-material-design-lite && PORT=8081 node example.js","    3. play with the browser-demo on http://127.0.0.1:8081","*/","","","","/* istanbul instrument in package npmtest_material_design_lite */","/*jslint","    bitwise: true,","    browser: true,","    maxerr: 8,","    maxlen: 96,","    node: true,","    nomen: true,","    regexp: true,","    stupid: true","*/","(function () {","    'use strict';","    var local;","","","","    // run shared js-env code - pre-init","    (function () {","        // init local","        local = {};","        // init modeJs","        local.modeJs = (function () {","            try {","                return typeof navigator.userAgent === 'string' &&","                    typeof document.querySelector('body') === 'object' &&","                    typeof XMLHttpRequest.prototype.open === 'function' &&","                    'browser';","            } catch (errorCaughtBrowser) {","                return module.exports &&","                    typeof process.versions.node === 'string' &&","                    typeof require('http').createServer === 'function' &&","                    'node';","            }","        }());","        // init global","        local.global = local.modeJs === 'browser'","            ? window","            : global;","        // init utility2_rollup","        local = local.global.utility2_rollup || (local.modeJs === 'browser'","            ? local.global.utility2_npmtest_material_design_lite","            : global.utility2_moduleExports);","        // export local","        local.global.local = local;","    }());","    switch (local.modeJs) {","","","","    // post-init","    // run browser js-env code - post-init","    /* istanbul ignore next */","    case 'browser':","        local.testRunBrowser = function (event) {","            if (!event || (event &&","                    event.currentTarget &&","                    event.currentTarget.className &&","                    event.currentTarget.className.includes &&","                    event.currentTarget.className.includes('onreset'))) {","                // reset output","                Array.from(","                    document.querySelectorAll('body > .resettable')","                ).forEach(function (element) {","                    switch (element.tagName) {","                    case 'INPUT':","                    case 'TEXTAREA':","                        element.value = '';","                        break;","                    default:","                        element.textContent = '';","                    }","                });","            }","            switch (event && event.currentTarget && event.currentTarget.id) {","            case 'testRunButton1':","                // show tests","                if (document.querySelector('#testReportDiv1').style.display === 'none') {","                    document.querySelector('#testReportDiv1').style.display = 'block';","                    document.querySelector('#testRunButton1').textContent =","                        'hide internal test';","                    local.modeTest = true;","                    local.testRunDefault(local);","                // hide tests","                } else {","                    document.querySelector('#testReportDiv1').style.display = 'none';","                    document.querySelector('#testRunButton1').textContent = 'run internal test';","                }","                break;","            // custom-case","            default:","                break;","            }","            if (document.querySelector('#inputTextareaEval1') && (!event || (event &&","                    event.currentTarget &&","                    event.currentTarget.className &&","                    event.currentTarget.className.includes &&","                    event.currentTarget.className.includes('oneval')))) {","                // try to eval input-code","                try {","                    /*jslint evil: true*/","                    eval(document.querySelector('#inputTextareaEval1').value);","                } catch (errorCaught) {","                    console.error(errorCaught);","                }","            }","        };","        // log stderr and stdout to #outputTextareaStdout1","        ['error', 'log'].forEach(function (key) {","            console[key + '_original'] = console[key];","            console[key] = function () {","                var element;","                console[key + '_original'].apply(console, arguments);","                element = document.querySelector('#outputTextareaStdout1');","                if (!element) {","                    return;","                }","                // append text to #outputTextareaStdout1","                element.value += Array.from(arguments).map(function (arg) {","                    return typeof arg === 'string'","                        ? arg","                        : JSON.stringify(arg, null, 4);","                }).join(' ') + '\\n';","                // scroll textarea to bottom","                element.scrollTop = element.scrollHeight;","            };","        });","        // init event-handling","        ['change', 'click', 'keyup'].forEach(function (event) {","            Array.from(document.querySelectorAll('.on' + event)).forEach(function (element) {","                element.addEventListener(event, local.testRunBrowser);","            });","        });","        // run tests","        local.testRunBrowser();","        break;","","","","    // run node js-env code - post-init","    /* istanbul ignore next */","    case 'node':","        // export local","        module.exports = local;","        // require modules","        local.fs = require('fs');","        local.http = require('http');","        local.url = require('url');","        // init assets","        local.assetsDict = local.assetsDict || {};","        /* jslint-ignore-begin */","        local.assetsDict['/assets.index.template.html'] = '\\","<!doctype html>\\n\\","<html lang=\"en\">\\n\\","<head>\\n\\","<meta charset=\"UTF-8\">\\n\\","<meta name=\"viewport\" content=\"width=device-width, initial-scale=1\">\\n\\","<title>{{env.npm_package_name}} (v{{env.npm_package_version}})</title>\\n\\","<style>\\n\\","/*csslint\\n\\","    box-sizing: false,\\n\\","    universal-selector: false\\n\\","*/\\n\\","* {\\n\\","    box-sizing: border-box;\\n\\","}\\n\\","body {\\n\\","    background: #dde;\\n\\","    font-family: Arial, Helvetica, sans-serif;\\n\\","    margin: 2rem;\\n\\","}\\n\\","body > * {\\n\\","    margin-bottom: 1rem;\\n\\","}\\n\\",".utility2FooterDiv {\\n\\","    margin-top: 20px;\\n\\","    text-align: center;\\n\\","}\\n\\","</style>\\n\\","<style>\\n\\","/*csslint\\n\\","*/\\n\\","textarea {\\n\\","    font-family: monospace;\\n\\","    height: 10rem;\\n\\","    width: 100%;\\n\\","}\\n\\","textarea[readonly] {\\n\\","    background: #ddd;\\n\\","}\\n\\","</style>\\n\\","</head>\\n\\","<body>\\n\\","<!-- utility2-comment\\n\\","<div id=\"ajaxProgressDiv1\" style=\"background: #d00; height: 2px; left: 0; margin: 0; padding: 0; position: fixed; top: 0; transition: background 0.5s, width 1.5s; width: 25%;\"></div>\\n\\","utility2-comment -->\\n\\","<h1>\\n\\","<!-- utility2-comment\\n\\","    <a\\n\\","        {{#if env.npm_package_homepage}}\\n\\","        href=\"{{env.npm_package_homepage}}\"\\n\\","        {{/if env.npm_package_homepage}}\\n\\","        target=\"_blank\"\\n\\","    >\\n\\","utility2-comment -->\\n\\","        {{env.npm_package_name}} (v{{env.npm_package_version}})\\n\\","<!-- utility2-comment\\n\\","    </a>\\n\\","utility2-comment -->\\n\\","</h1>\\n\\","<h3>{{env.npm_package_description}}</h3>\\n\\","<!-- utility2-comment\\n\\","<h4><a download href=\"assets.app.js\">download standalone app</a></h4>\\n\\","<button class=\"onclick onreset\" id=\"testRunButton1\">run internal test</button><br>\\n\\","<div id=\"testReportDiv1\" style=\"display: none;\"></div>\\n\\","utility2-comment -->\\n\\","\\n\\","\\n\\","\\n\\","<label>stderr and stdout</label>\\n\\","<textarea class=\"resettable\" id=\"outputTextareaStdout1\" readonly></textarea>\\n\\","<!-- utility2-comment\\n\\","{{#if isRollup}}\\n\\","<script src=\"assets.app.js\"></script>\\n\\","{{#unless isRollup}}\\n\\","utility2-comment -->\\n\\","<script src=\"assets.utility2.rollup.js\"></script>\\n\\","<script src=\"jsonp.utility2._stateInit?callback=window.utility2._stateInit\"></script>\\n\\","<script src=\"assets.npmtest_material_design_lite.rollup.js\"></script>\\n\\","<script src=\"assets.example.js\"></script>\\n\\","<script src=\"assets.test.js\"></script>\\n\\","<!-- utility2-comment\\n\\","{{/if isRollup}}\\n\\","utility2-comment -->\\n\\","<div class=\"utility2FooterDiv\">\\n\\","    [ this app was created with\\n\\","    <a href=\"https://github.com/kaizhu256/node-utility2\" target=\"_blank\">utility2</a>\\n\\","    ]\\n\\","</div>\\n\\","</body>\\n\\","</html>\\n\\","';","        /* jslint-ignore-end */","        if (local.templateRender) {","            local.assetsDict['/'] = local.templateRender(","                local.assetsDict['/assets.index.template.html'],","                {","                    env: local.objectSetDefault(local.env, {","                        npm_package_description: 'the greatest app in the world!',","                        npm_package_name: 'my-app',","                        npm_package_nameAlias: 'my_app',","                        npm_package_version: '0.0.1'","                    })","                }","            );","        } else {","            local.assetsDict['/'] = local.assetsDict['/assets.index.template.html']","                .replace((/\\{\\{env\\.(\\w+?)\\}\\}/g), function (match0, match1) {","                    // jslint-hack","                    String(match0);","                    switch (match1) {","                    case 'npm_package_description':","                        return 'the greatest app in the world!';","                    case 'npm_package_name':","                        return 'my-app';","                    case 'npm_package_nameAlias':","                        return 'my_app';","                    case 'npm_package_version':","                        return '0.0.1';","                    }","                });","        }","        // run the cli","        if (local.global.utility2_rollup || module !== require.main) {","            break;","        }","        local.assetsDict['/assets.example.js'] =","            local.assetsDict['/assets.example.js'] ||","            local.fs.readFileSync(__filename, 'utf8');","        // bug-workaround - long $npm_package_buildCustomOrg","        /* jslint-ignore-begin */","        local.assetsDict['/assets.npmtest_material_design_lite.rollup.js'] =","            local.assetsDict['/assets.npmtest_material_design_lite.rollup.js'] ||","            local.fs.readFileSync(","                local.npmtest_material_design_lite.__dirname + '/lib.npmtest_material_design_lite.js',","                'utf8'","            ).replace((/^#!/), '//');","        /* jslint-ignore-end */","        local.assetsDict['/favicon.ico'] = local.assetsDict['/favicon.ico'] || '';","        // if $npm_config_timeout_exit exists,","        // then exit this process after $npm_config_timeout_exit ms","        if (Number(process.env.npm_config_timeout_exit)) {","            setTimeout(process.exit, Number(process.env.npm_config_timeout_exit));","        }","        // start server","        if (local.global.utility2_serverHttp1) {","            break;","        }","        process.env.PORT = process.env.PORT || '8081';","        console.error('server starting on port ' + process.env.PORT);","        local.http.createServer(function (request, response) {","            request.urlParsed = local.url.parse(request.url);","            if (local.assetsDict[request.urlParsed.pathname] !== undefined) {","                response.end(local.assetsDict[request.urlParsed.pathname]);","                return;","            }","            response.statusCode = 404;","            response.end();","        }).listen(process.env.PORT);","        break;","    }","}());",""],"l":{"26":2,"28":2,"33":2,"35":2,"37":2,"38":2,"39":2,"44":1,"51":2,"55":2,"59":2,"61":2,"69":1,"70":2,"76":2,"79":2,"82":2,"83":2,"85":1,"89":2,"92":1,"93":1,"94":1,"96":1,"97":1,"100":1,"101":1,"103":1,"106":1,"108":2,"114":1,"116":1,"118":1,"123":1,"124":2,"125":2,"126":3,"127":3,"128":3,"129":3,"130":1,"133":3,"134":3,"139":3,"143":1,"144":3,"145":1,"149":1,"150":1,"158":1,"160":1,"161":1,"162":1,"164":1,"166":1,"258":1,"259":1,"271":1,"274":6,"275":6,"277":1,"279":2,"281":1,"283":2,"288":1,"289":1,"291":1,"296":1,"303":1,"306":1,"307":1,"310":1,"311":1,"313":1,"314":1,"315":1,"316":1,"317":1,"318":1,"319":1,"321":1,"322":1,"324":1}},"/home/travis/build/npmtest/node-npmtest-material-design-lite/node_modules/material-design-lite/dist/material.min.js":{"path":"/home/travis/build/npmtest/node-npmtest-material-design-lite/node_modules/material-design-lite/dist/material.min.js","s":{"1":2,"2":1,"3":0,"4":0,"5":0,"6":0,"7":0,"8":0,"9":0,"10":0,"11":0,"12":0,"13":0,"14":1,"15":1,"16":0,"17":0,"18":0,"19":0,"20":0,"21":0,"22":0,"23":0,"24":0,"25":2,"26":2,"27":1,"28":0,"29":0,"30":0,"31":0,"32":1,"33":0,"34":0,"35":1,"36":0,"37":0,"38":1,"39":0,"40":0,"41":0,"42":0,"43":1,"44":0,"45":0,"46":0,"47":0,"48":0,"49":0,"50":0,"51":0,"52":0,"53":1,"54":0,"55":0,"56":0,"57":0,"58":0,"59":0,"60":0,"61":0,"62":0,"63":0,"64":0,"65":0,"66":0,"67":0,"68":0,"69":0,"70":0,"71":0,"72":0,"73":0,"74":0,"75":1,"76":0,"77":0,"78":0,"79":1,"80":0,"81":0,"82":0,"83":0,"84":0,"85":0,"86":0,"87":0,"88":0,"89":0,"90":0,"91":1,"92":0,"93":0,"94":1,"95":0,"96":0,"97":1,"98":0,"99":0,"100":0,"101":0,"102":0,"103":0,"104":0,"105":1,"106":0,"107":0,"108":0,"109":0,"110":0,"111":0,"112":0,"113":0,"114":0,"115":2,"116":2,"117":0,"118":0,"119":0,"120":0,"121":0,"122":0,"123":0,"124":0,"125":0,"126":0,"127":0,"128":0,"129":0,"130":0,"131":0,"132":0,"133":0,"134":0,"135":0,"136":0,"137":0,"138":0,"139":0,"140":0,"141":0,"142":0,"143":0,"144":0,"145":0,"146":0,"147":0,"148":0,"149":0,"150":0,"151":0,"152":0,"153":0,"154":0,"155":0,"156":0,"157":0,"158":0,"159":0,"160":0,"161":0,"162":0,"163":0,"164":0,"165":0,"166":0,"167":0,"168":0,"169":0,"170":0,"171":0,"172":0,"173":0,"174":0,"175":0,"176":0,"177":0,"178":0,"179":0,"180":0,"181":0,"182":0,"183":0,"184":0,"185":0,"186":0,"187":0,"188":0,"189":0,"190":0,"191":0,"192":0,"193":0,"194":0,"195":0,"196":0,"197":0,"198":0,"199":0,"200":0,"201":0,"202":0,"203":0,"204":0,"205":0,"206":0,"207":0,"208":0,"209":0,"210":0,"211":0,"212":0,"213":0,"214":0,"215":0,"216":0,"217":0,"218":0,"219":0,"220":0,"221":0,"222":0,"223":0,"224":0,"225":0,"226":0,"227":0,"228":0,"229":0,"230":0,"231":0,"232":0,"233":0,"234":0,"235":0,"236":0,"237":0,"238":0,"239":0,"240":0,"241":0,"242":0,"243":0,"244":0,"245":0,"246":0,"247":0,"248":0,"249":0,"250":0,"251":0,"252":0,"253":0,"254":0,"255":0,"256":0,"257":0,"258":0,"259":0,"260":0,"261":0,"262":0,"263":0,"264":0,"265":0,"266":0,"267":0,"268":0,"269":0,"270":0,"271":0,"272":0,"273":0,"274":0,"275":0,"276":0,"277":0,"278":0,"279":0,"280":0,"281":0,"282":0,"283":0,"284":0,"285":0,"286":0,"287":0,"288":0,"289":0,"290":0,"291":0,"292":0,"293":0,"294":0,"295":0,"296":0,"297":0,"298":0,"299":0,"300":0,"301":0,"302":0,"303":0,"304":0,"305":0,"306":0,"307":0,"308":0,"309":0,"310":0,"311":0,"312":0,"313":0,"314":0,"315":0,"316":0,"317":0,"318":0,"319":0,"320":0,"321":0,"322":0,"323":0,"324":0,"325":0,"326":0,"327":0,"328":0,"329":0,"330":0,"331":0,"332":0,"333":0,"334":0,"335":0,"336":0,"337":0,"338":0,"339":0,"340":0,"341":0,"342":0,"343":0,"344":0,"345":0,"346":0,"347":0,"348":0,"349":0,"350":0,"351":0,"352":0,"353":0,"354":0,"355":0,"356":0,"357":0,"358":0,"359":0,"360":0,"361":0,"362":0,"363":0,"364":0,"365":0,"366":0,"367":0,"368":0,"369":0,"370":0,"371":0,"372":0,"373":0,"374":0,"375":0,"376":0,"377":0,"378":0,"379":0,"380":0,"381":0,"382":0,"383":0,"384":0,"385":0,"386":0,"387":0,"388":0,"389":0,"390":0,"391":0,"392":0,"393":0,"394":0,"395":0,"396":0,"397":0,"398":0,"399":0,"400":0,"401":0,"402":0,"403":0,"404":0,"405":0,"406":0,"407":0,"408":0,"409":0,"410":0,"411":0,"412":0,"413":0,"414":0,"415":0,"416":0,"417":0,"418":0,"419":0,"420":0,"421":0,"422":0,"423":0,"424":0,"425":0,"426":0,"427":0,"428":0,"429":0,"430":0,"431":0,"432":0,"433":0,"434":0,"435":0,"436":0,"437":0,"438":0,"439":0,"440":0,"441":0,"442":0,"443":0,"444":0,"445":0,"446":0,"447":0,"448":0,"449":0,"450":0,"451":0,"452":0,"453":0,"454":0,"455":0,"456":0,"457":0,"458":0,"459":0,"460":0,"461":0,"462":0,"463":0,"464":0,"465":0,"466":0,"467":0,"468":0,"469":0,"470":0,"471":0,"472":0,"473":0,"474":0,"475":0,"476":0,"477":0,"478":0,"479":0,"480":0,"481":0,"482":0,"483":0,"484":0,"485":0,"486":0,"487":0,"488":0,"489":0,"490":0,"491":0,"492":0,"493":0,"494":0,"495":0,"496":0,"497":0,"498":0,"499":0,"500":0,"501":0,"502":0,"503":0,"504":0,"505":0,"506":0,"507":0,"508":0,"509":0,"510":0,"511":0,"512":0,"513":0,"514":0,"515":0,"516":0,"517":0,"518":0,"519":0,"520":0,"521":0,"522":0,"523":0,"524":0,"525":0,"526":0,"527":0,"528":0,"529":0,"530":0,"531":0,"532":0,"533":0,"534":0,"535":0,"536":0,"537":0,"538":0,"539":0,"540":0,"541":0,"542":0,"543":0,"544":0,"545":0,"546":0,"547":0,"548":0,"549":0},"b":{"1":[0,0],"2":[0,0],"3":[0,0],"4":[0,0],"5":[0,0],"6":[0,0],"7":[0,0],"8":[0,0],"9":[0,0],"10":[0,0],"11":[0,0],"12":[0,0],"13":[0,0],"14":[0,0],"15":[0,0],"16":[0,0],"17":[0,0],"18":[0,0],"19":[0,0],"20":[0,0],"21":[0,0,0,0],"22":[0,0],"23":[0,0],"24":[0,0],"25":[0,0],"26":[0,0],"27":[0,0],"28":[0,0],"29":[0,0],"30":[0,0],"31":[0,0],"32":[0,0],"33":[0,0],"34":[0,0],"35":[0,0],"36":[0,0],"37":[0,0],"38":[0,0],"39":[0,0],"40":[0,0],"41":[0,0],"42":[0,0],"43":[0,0],"44":[0,0,0,0],"45":[0,0],"46":[0,0],"47":[0,0],"48":[0,0],"49":[0,0,0],"50":[0,0],"51":[0,0],"52":[0,0],"53":[0,0],"54":[0,0],"55":[0,0],"56":[0,0],"57":[0,0],"58":[0,0],"59":[0,0],"60":[0,0],"61":[0,0],"62":[0,0],"63":[0,0],"64":[0,0],"65":[0,0],"66":[0,0],"67":[0,0],"68":[0,0],"69":[0,0],"70":[0,0],"71":[0,0],"72":[0,0],"73":[0,0],"74":[0,0],"75":[0,0],"76":[0,0],"77":[0,0],"78":[0,0,0],"79":[0,0,0,0],"80":[0,0],"81":[0,0],"82":[0,0],"83":[0,0],"84":[0,0],"85":[0,0,0],"86":[0,0],"87":[0,0],"88":[0,0],"89":[0,0],"90":[0,0],"91":[0,0],"92":[0,0],"93":[0,0],"94":[0,0],"95":[0,0],"96":[0,0],"97":[0,0],"98":[0,0],"99":[0,0,0],"100":[0,0],"101":[0,0],"102":[0,0,0,0],"103":[0,0],"104":[0,0,0],"105":[0,0],"106":[0,0],"107":[0,0],"108":[0,0,0],"109":[0,0],"110":[0,0],"111":[0,0],"112":[0,0],"113":[0,0],"114":[0,0],"115":[0,0],"116":[0,0],"117":[0,0],"118":[0,0],"119":[0,0],"120":[0,0],"121":[0,0],"122":[0,0],"123":[0,0],"124":[0,0],"125":[0,0],"126":[0,0],"127":[0,0],"128":[0,0],"129":[0,0],"130":[0,0],"131":[0,0],"132":[0,0],"133":[0,0],"134":[0,0],"135":[0,0],"136":[0,0],"137":[0,0],"138":[0,0],"139":[0,0],"140":[0,0,0],"141":[0,0],"142":[0,0],"143":[0,0],"144":[0,0],"145":[0,0],"146":[0,0],"147":[0,0],"148":[0,0],"149":[0,0],"150":[0,0],"151":[0,0],"152":[0,0],"153":[0,0],"154":[0,0],"155":[0,0],"156":[0,0],"157":[0,0],"158":[0,0],"159":[0,0],"160":[0,0],"161":[0,0],"162":[0,0],"163":[0,0],"164":[0,0],"165":[0,0],"166":[0,0],"167":[0,0],"168":[0,0],"169":[0,0],"170":[0,0],"171":[0,0],"172":[0,0],"173":[0,0,0],"174":[0,0],"175":[0,0,0],"176":[0,0],"177":[0,0],"178":[0,0],"179":[0,0],"180":[0,0],"181":[0,0],"182":[0,0],"183":[0,0],"184":[0,0],"185":[0,0],"186":[0,0,0],"187":[0,0,0],"188":[0,0,0],"189":[0,0],"190":[0,0],"191":[0,0],"192":[0,0],"193":[0,0],"194":[0,0],"195":[0,0],"196":[0,0],"197":[0,0],"198":[0,0],"199":[0,0],"200":[0,0],"201":[0,0],"202":[0,0],"203":[0,0],"204":[0,0],"205":[0,0],"206":[0,0],"207":[0,0],"208":[0,0],"209":[0,0],"210":[0,0],"211":[0,0],"212":[0,0],"213":[0,0],"214":[0,0],"215":[0,0],"216":[0,0],"217":[0,0],"218":[0,0],"219":[0,0],"220":[0,0],"221":[0,0],"222":[0,0],"223":[0,0],"224":[0,0],"225":[0,0],"226":[0,0],"227":[0,0],"228":[0,0],"229":[0,0],"230":[0,0],"231":[0,0],"232":[0,0,0],"233":[0,0],"234":[0,0],"235":[0,0],"236":[0,0],"237":[0,0],"238":[0,0],"239":[0,0]},"f":{"1":2,"2":0,"3":0,"4":0,"5":0,"6":0,"7":0,"8":0,"9":0,"10":0,"11":0,"12":0,"13":0,"14":2,"15":0,"16":0,"17":0,"18":0,"19":0,"20":0,"21":0,"22":0,"23":0,"24":0,"25":0,"26":0,"27":0,"28":0,"29":0,"30":0,"31":0,"32":0,"33":0,"34":0,"35":0,"36":0,"37":0,"38":0,"39":0,"40":0,"41":0,"42":0,"43":0,"44":0,"45":0,"46":0,"47":0,"48":0,"49":0,"50":0,"51":0,"52":0,"53":0,"54":0,"55":0,"56":0,"57":0,"58":0,"59":0,"60":0,"61":0,"62":0,"63":0,"64":0,"65":0,"66":0,"67":0,"68":0,"69":0,"70":0,"71":0,"72":0,"73":0,"74":0,"75":0,"76":0,"77":0,"78":0,"79":0,"80":0,"81":0,"82":0,"83":0,"84":0,"85":0,"86":0,"87":0,"88":0,"89":0,"90":0,"91":0,"92":0,"93":0,"94":0,"95":0,"96":0,"97":0,"98":0,"99":0,"100":0,"101":0,"102":0,"103":0,"104":0,"105":0,"106":0,"107":0,"108":0,"109":0,"110":0,"111":0,"112":0,"113":0,"114":0,"115":0,"116":0,"117":0,"118":0,"119":0,"120":0,"121":0,"122":0,"123":0,"124":0,"125":0,"126":0,"127":0,"128":0,"129":0,"130":0,"131":0,"132":0,"133":0,"134":0,"135":0,"136":0,"137":0,"138":0,"139":0,"140":0,"141":0,"142":0,"143":0,"144":0,"145":0,"146":0,"147":0,"148":0,"149":0,"150":0,"151":0,"152":0,"153":0,"154":0,"155":0,"156":0,"157":0,"158":0,"159":0,"160":0,"161":0,"162":0,"163":0,"164":0,"165":0,"166":0,"167":0,"168":0,"169":0,"170":0,"171":0,"172":0,"173":0,"174":0,"175":0,"176":0,"177":0,"178":0,"179":0,"180":0,"181":0,"182":0,"183":0,"184":0,"185":0,"186":0,"187":0,"188":0,"189":0,"190":0,"191":0,"192":0,"193":0,"194":0,"195":0,"196":0,"197":0,"198":0,"199":0,"200":0},"fnMap":{"1":{"name":"(anonymous_1)","line":8,"loc":{"start":{"line":8,"column":1},"end":{"line":8,"column":11}}},"2":{"name":"e","line":8,"loc":{"start":{"line":8,"column":25},"end":{"line":8,"column":40}}},"3":{"name":"(anonymous_3)","line":8,"loc":{"start":{"line":8,"column":398},"end":{"line":8,"column":409}}},"4":{"name":"t","line":8,"loc":{"start":{"line":8,"column":665},"end":{"line":8,"column":684}}},"5":{"name":"n","line":8,"loc":{"start":{"line":8,"column":685},"end":{"line":8,"column":697}}},"6":{"name":"(anonymous_6)","line":8,"loc":{"start":{"line":8,"column":1280},"end":{"line":8,"column":1291}}},"7":{"name":"(anonymous_7)","line":8,"loc":{"start":{"line":8,"column":1386},"end":{"line":8,"column":1399}}},"8":{"name":"(anonymous_8)","line":8,"loc":{"start":{"line":8,"column":1417},"end":{"line":8,"column":1430}}},"9":{"name":"(anonymous_9)","line":8,"loc":{"start":{"line":8,"column":1449},"end":{"line":8,"column":1460}}},"10":{"name":"(anonymous_10)","line":8,"loc":{"start":{"line":8,"column":1484},"end":{"line":8,"column":1494}}},"11":{"name":"(anonymous_11)","line":8,"loc":{"start":{"line":8,"column":1522},"end":{"line":8,"column":1535}}},"12":{"name":"(anonymous_12)","line":8,"loc":{"start":{"line":8,"column":1547},"end":{"line":8,"column":1558}}},"13":{"name":"(anonymous_13)","line":8,"loc":{"start":{"line":8,"column":1579},"end":{"line":8,"column":1590}}},"14":{"name":"(anonymous_14)","line":8,"loc":{"start":{"line":8,"column":1596},"end":{"line":8,"column":1606}}},"15":{"name":"e","line":8,"loc":{"start":{"line":8,"column":1607},"end":{"line":8,"column":1622}}},"16":{"name":"t","line":8,"loc":{"start":{"line":8,"column":1724},"end":{"line":8,"column":1737}}},"17":{"name":"s","line":8,"loc":{"start":{"line":8,"column":1810},"end":{"line":8,"column":1825}}},"18":{"name":"i","line":8,"loc":{"start":{"line":8,"column":1862},"end":{"line":8,"column":1879}}},"19":{"name":"n","line":8,"loc":{"start":{"line":8,"column":2061},"end":{"line":8,"column":2076}}},"20":{"name":"a","line":8,"loc":{"start":{"line":8,"column":2325},"end":{"line":8,"column":2340}}},"21":{"name":"(anonymous_21)","line":8,"loc":{"start":{"line":8,"column":2615},"end":{"line":8,"column":2626}}},"22":{"name":"l","line":8,"loc":{"start":{"line":8,"column":3087},"end":{"line":8,"column":3100}}},"23":{"name":"o","line":8,"loc":{"start":{"line":8,"column":3286},"end":{"line":8,"column":3299}}},"24":{"name":"(anonymous_24)","line":8,"loc":{"start":{"line":8,"column":3560},"end":{"line":8,"column":3571}}},"25":{"name":"r","line":8,"loc":{"start":{"line":8,"column":3948},"end":{"line":8,"column":3963}}},"26":{"name":"_","line":8,"loc":{"start":{"line":8,"column":3998},"end":{"line":8,"column":4010}}},"27":{"name":"d","line":8,"loc":{"start":{"line":8,"column":4056},"end":{"line":8,"column":4069}}},"28":{"name":"h","line":8,"loc":{"start":{"line":8,"column":4336},"end":{"line":8,"column":4349}}},"29":{"name":"(anonymous_29)","line":8,"loc":{"start":{"line":8,"column":4356},"end":{"line":8,"column":4367}}},"30":{"name":"(anonymous_30)","line":8,"loc":{"start":{"line":8,"column":4377},"end":{"line":8,"column":4388}}},"31":{"name":"(anonymous_31)","line":8,"loc":{"start":{"line":8,"column":5190},"end":{"line":8,"column":5200}}},"32":{"name":"(anonymous_32)","line":8,"loc":{"start":{"line":8,"column":5421},"end":{"line":8,"column":5431}}},"33":{"name":"(anonymous_33)","line":8,"loc":{"start":{"line":8,"column":5445},"end":{"line":8,"column":5455}}},"34":{"name":"(anonymous_34)","line":8,"loc":{"start":{"line":8,"column":5481},"end":{"line":8,"column":5491}}},"35":{"name":"(anonymous_35)","line":8,"loc":{"start":{"line":8,"column":6065},"end":{"line":8,"column":6076}}},"36":{"name":"(anonymous_36)","line":8,"loc":{"start":{"line":8,"column":6131},"end":{"line":8,"column":6141}}},"37":{"name":"(anonymous_37)","line":8,"loc":{"start":{"line":8,"column":6317},"end":{"line":8,"column":6328}}},"38":{"name":"(anonymous_38)","line":8,"loc":{"start":{"line":8,"column":6563},"end":{"line":8,"column":6574}}},"39":{"name":"(anonymous_39)","line":8,"loc":{"start":{"line":8,"column":6620},"end":{"line":8,"column":6630}}},"40":{"name":"(anonymous_40)","line":8,"loc":{"start":{"line":8,"column":6717},"end":{"line":8,"column":6727}}},"41":{"name":"(anonymous_41)","line":8,"loc":{"start":{"line":8,"column":6810},"end":{"line":8,"column":6820}}},"42":{"name":"(anonymous_42)","line":8,"loc":{"start":{"line":8,"column":7605},"end":{"line":8,"column":7616}}},"43":{"name":"(anonymous_43)","line":8,"loc":{"start":{"line":8,"column":8215},"end":{"line":8,"column":8226}}},"44":{"name":"(anonymous_44)","line":8,"loc":{"start":{"line":8,"column":8271},"end":{"line":8,"column":8282}}},"45":{"name":"(anonymous_45)","line":8,"loc":{"start":{"line":8,"column":8361},"end":{"line":8,"column":8372}}},"46":{"name":"(anonymous_46)","line":8,"loc":{"start":{"line":8,"column":8457},"end":{"line":8,"column":8468}}},"47":{"name":"(anonymous_47)","line":8,"loc":{"start":{"line":8,"column":8510},"end":{"line":8,"column":8520}}},"48":{"name":"(anonymous_48)","line":8,"loc":{"start":{"line":8,"column":8585},"end":{"line":8,"column":8595}}},"49":{"name":"(anonymous_49)","line":8,"loc":{"start":{"line":8,"column":8614},"end":{"line":8,"column":8624}}},"50":{"name":"(anonymous_50)","line":8,"loc":{"start":{"line":8,"column":8722},"end":{"line":8,"column":8732}}},"51":{"name":"(anonymous_51)","line":8,"loc":{"start":{"line":8,"column":8962},"end":{"line":8,"column":8972}}},"52":{"name":"(anonymous_52)","line":8,"loc":{"start":{"line":8,"column":9193},"end":{"line":8,"column":9203}}},"53":{"name":"(anonymous_53)","line":8,"loc":{"start":{"line":8,"column":9317},"end":{"line":8,"column":9327}}},"54":{"name":"(anonymous_54)","line":8,"loc":{"start":{"line":8,"column":9438},"end":{"line":8,"column":9448}}},"55":{"name":"(anonymous_55)","line":8,"loc":{"start":{"line":8,"column":9558},"end":{"line":8,"column":9568}}},"56":{"name":"(anonymous_56)","line":8,"loc":{"start":{"line":8,"column":9679},"end":{"line":8,"column":9689}}},"57":{"name":"(anonymous_57)","line":8,"loc":{"start":{"line":8,"column":11496},"end":{"line":8,"column":11507}}},"58":{"name":"(anonymous_58)","line":8,"loc":{"start":{"line":8,"column":11967},"end":{"line":8,"column":11978}}},"59":{"name":"(anonymous_59)","line":8,"loc":{"start":{"line":8,"column":12023},"end":{"line":8,"column":12034}}},"60":{"name":"(anonymous_60)","line":8,"loc":{"start":{"line":8,"column":12113},"end":{"line":8,"column":12124}}},"61":{"name":"(anonymous_61)","line":8,"loc":{"start":{"line":8,"column":12209},"end":{"line":8,"column":12220}}},"62":{"name":"(anonymous_62)","line":8,"loc":{"start":{"line":8,"column":12262},"end":{"line":8,"column":12272}}},"63":{"name":"(anonymous_63)","line":8,"loc":{"start":{"line":8,"column":12337},"end":{"line":8,"column":12347}}},"64":{"name":"(anonymous_64)","line":8,"loc":{"start":{"line":8,"column":12366},"end":{"line":8,"column":12376}}},"65":{"name":"(anonymous_65)","line":8,"loc":{"start":{"line":8,"column":12474},"end":{"line":8,"column":12484}}},"66":{"name":"(anonymous_66)","line":8,"loc":{"start":{"line":8,"column":12714},"end":{"line":8,"column":12724}}},"67":{"name":"(anonymous_67)","line":8,"loc":{"start":{"line":8,"column":12945},"end":{"line":8,"column":12955}}},"68":{"name":"(anonymous_68)","line":8,"loc":{"start":{"line":8,"column":13069},"end":{"line":8,"column":13079}}},"69":{"name":"(anonymous_69)","line":8,"loc":{"start":{"line":8,"column":13190},"end":{"line":8,"column":13200}}},"70":{"name":"(anonymous_70)","line":8,"loc":{"start":{"line":8,"column":13310},"end":{"line":8,"column":13320}}},"71":{"name":"(anonymous_71)","line":8,"loc":{"start":{"line":8,"column":13431},"end":{"line":8,"column":13441}}},"72":{"name":"(anonymous_72)","line":8,"loc":{"start":{"line":8,"column":14922},"end":{"line":8,"column":14933}}},"73":{"name":"(anonymous_73)","line":8,"loc":{"start":{"line":8,"column":15711},"end":{"line":8,"column":15721}}},"74":{"name":"(anonymous_74)","line":8,"loc":{"start":{"line":8,"column":17814},"end":{"line":8,"column":17825}}},"75":{"name":"(anonymous_75)","line":8,"loc":{"start":{"line":8,"column":18767},"end":{"line":8,"column":18778}}},"76":{"name":"(anonymous_76)","line":8,"loc":{"start":{"line":8,"column":19188},"end":{"line":8,"column":19199}}},"77":{"name":"(anonymous_77)","line":8,"loc":{"start":{"line":8,"column":19991},"end":{"line":8,"column":20002}}},"78":{"name":"(anonymous_78)","line":8,"loc":{"start":{"line":8,"column":20093},"end":{"line":8,"column":20104}}},"79":{"name":"(anonymous_79)","line":8,"loc":{"start":{"line":8,"column":20201},"end":{"line":8,"column":20214}}},"80":{"name":"(anonymous_80)","line":8,"loc":{"start":{"line":8,"column":20729},"end":{"line":8,"column":20740}}},"81":{"name":"(anonymous_81)","line":8,"loc":{"start":{"line":8,"column":20843},"end":{"line":8,"column":20853}}},"82":{"name":"(anonymous_82)","line":8,"loc":{"start":{"line":8,"column":21040},"end":{"line":8,"column":21051}}},"83":{"name":"(anonymous_83)","line":8,"loc":{"start":{"line":8,"column":21796},"end":{"line":8,"column":21806}}},"84":{"name":"(anonymous_84)","line":8,"loc":{"start":{"line":8,"column":22029},"end":{"line":8,"column":22040}}},"85":{"name":"(anonymous_85)","line":8,"loc":{"start":{"line":8,"column":22256},"end":{"line":8,"column":22266}}},"86":{"name":"(anonymous_86)","line":8,"loc":{"start":{"line":8,"column":22744},"end":{"line":8,"column":22755}}},"87":{"name":"(anonymous_87)","line":8,"loc":{"start":{"line":8,"column":22980},"end":{"line":8,"column":22991}}},"88":{"name":"(anonymous_88)","line":8,"loc":{"start":{"line":8,"column":23172},"end":{"line":8,"column":23183}}},"89":{"name":"(anonymous_89)","line":8,"loc":{"start":{"line":8,"column":23365},"end":{"line":8,"column":23376}}},"90":{"name":"(anonymous_90)","line":8,"loc":{"start":{"line":8,"column":23508},"end":{"line":8,"column":23518}}},"91":{"name":"(anonymous_91)","line":8,"loc":{"start":{"line":8,"column":24124},"end":{"line":8,"column":24135}}},"92":{"name":"(anonymous_92)","line":8,"loc":{"start":{"line":8,"column":24720},"end":{"line":8,"column":24731}}},"93":{"name":"(anonymous_93)","line":8,"loc":{"start":{"line":8,"column":25041},"end":{"line":8,"column":25052}}},"94":{"name":"(anonymous_94)","line":8,"loc":{"start":{"line":8,"column":25131},"end":{"line":8,"column":25142}}},"95":{"name":"(anonymous_95)","line":8,"loc":{"start":{"line":8,"column":25227},"end":{"line":8,"column":25238}}},"96":{"name":"(anonymous_96)","line":8,"loc":{"start":{"line":8,"column":25280},"end":{"line":8,"column":25290}}},"97":{"name":"(anonymous_97)","line":8,"loc":{"start":{"line":8,"column":25355},"end":{"line":8,"column":25365}}},"98":{"name":"(anonymous_98)","line":8,"loc":{"start":{"line":8,"column":25384},"end":{"line":8,"column":25394}}},"99":{"name":"(anonymous_99)","line":8,"loc":{"start":{"line":8,"column":25487},"end":{"line":8,"column":25497}}},"100":{"name":"(anonymous_100)","line":8,"loc":{"start":{"line":8,"column":25725},"end":{"line":8,"column":25735}}},"101":{"name":"(anonymous_101)","line":8,"loc":{"start":{"line":8,"column":25957},"end":{"line":8,"column":25967}}},"102":{"name":"(anonymous_102)","line":8,"loc":{"start":{"line":8,"column":26079},"end":{"line":8,"column":26089}}},"103":{"name":"(anonymous_103)","line":8,"loc":{"start":{"line":8,"column":26198},"end":{"line":8,"column":26208}}},"104":{"name":"(anonymous_104)","line":8,"loc":{"start":{"line":8,"column":26315},"end":{"line":8,"column":26325}}},"105":{"name":"(anonymous_105)","line":8,"loc":{"start":{"line":8,"column":26433},"end":{"line":8,"column":26443}}},"106":{"name":"(anonymous_106)","line":8,"loc":{"start":{"line":8,"column":27929},"end":{"line":8,"column":27940}}},"107":{"name":"(anonymous_107)","line":8,"loc":{"start":{"line":8,"column":28394},"end":{"line":8,"column":28405}}},"108":{"name":"(anonymous_108)","line":8,"loc":{"start":{"line":8,"column":28455},"end":{"line":8,"column":28466}}},"109":{"name":"(anonymous_109)","line":8,"loc":{"start":{"line":8,"column":28517},"end":{"line":8,"column":28528}}},"110":{"name":"(anonymous_110)","line":8,"loc":{"start":{"line":8,"column":28580},"end":{"line":8,"column":28591}}},"111":{"name":"(anonymous_111)","line":8,"loc":{"start":{"line":8,"column":28854},"end":{"line":8,"column":28864}}},"112":{"name":"(anonymous_112)","line":8,"loc":{"start":{"line":8,"column":29273},"end":{"line":8,"column":29283}}},"113":{"name":"(anonymous_113)","line":8,"loc":{"start":{"line":8,"column":29370},"end":{"line":8,"column":29380}}},"114":{"name":"(anonymous_114)","line":8,"loc":{"start":{"line":8,"column":29465},"end":{"line":8,"column":29476}}},"115":{"name":"(anonymous_115)","line":8,"loc":{"start":{"line":8,"column":29606},"end":{"line":8,"column":29616}}},"116":{"name":"(anonymous_116)","line":8,"loc":{"start":{"line":8,"column":31231},"end":{"line":8,"column":31242}}},"117":{"name":"(anonymous_117)","line":8,"loc":{"start":{"line":8,"column":31974},"end":{"line":8,"column":31984}}},"118":{"name":"(anonymous_118)","line":9,"loc":{"start":{"line":9,"column":388},"end":{"line":9,"column":399}}},"119":{"name":"(anonymous_119)","line":9,"loc":{"start":{"line":9,"column":1019},"end":{"line":9,"column":1029}}},"120":{"name":"(anonymous_120)","line":9,"loc":{"start":{"line":9,"column":1141},"end":{"line":9,"column":1151}}},"121":{"name":"(anonymous_121)","line":9,"loc":{"start":{"line":9,"column":1219},"end":{"line":9,"column":1229}}},"122":{"name":"(anonymous_122)","line":9,"loc":{"start":{"line":9,"column":1683},"end":{"line":9,"column":1694}}},"123":{"name":"(anonymous_123)","line":9,"loc":{"start":{"line":9,"column":1908},"end":{"line":9,"column":1919}}},"124":{"name":"(anonymous_124)","line":9,"loc":{"start":{"line":9,"column":2334},"end":{"line":9,"column":2345}}},"125":{"name":"(anonymous_125)","line":9,"loc":{"start":{"line":9,"column":3174},"end":{"line":9,"column":3184}}},"126":{"name":"(anonymous_126)","line":9,"loc":{"start":{"line":9,"column":3282},"end":{"line":9,"column":3292}}},"127":{"name":"(anonymous_127)","line":9,"loc":{"start":{"line":9,"column":3388},"end":{"line":9,"column":3398}}},"128":{"name":"(anonymous_128)","line":9,"loc":{"start":{"line":9,"column":3642},"end":{"line":9,"column":3653}}},"129":{"name":"(anonymous_129)","line":9,"loc":{"start":{"line":9,"column":4188},"end":{"line":9,"column":4199}}},"130":{"name":"(anonymous_130)","line":9,"loc":{"start":{"line":9,"column":4244},"end":{"line":9,"column":4255}}},"131":{"name":"(anonymous_131)","line":9,"loc":{"start":{"line":9,"column":4334},"end":{"line":9,"column":4345}}},"132":{"name":"(anonymous_132)","line":9,"loc":{"start":{"line":9,"column":4430},"end":{"line":9,"column":4441}}},"133":{"name":"(anonymous_133)","line":9,"loc":{"start":{"line":9,"column":4483},"end":{"line":9,"column":4493}}},"134":{"name":"(anonymous_134)","line":9,"loc":{"start":{"line":9,"column":4558},"end":{"line":9,"column":4568}}},"135":{"name":"(anonymous_135)","line":9,"loc":{"start":{"line":9,"column":4587},"end":{"line":9,"column":4597}}},"136":{"name":"(anonymous_136)","line":9,"loc":{"start":{"line":9,"column":4692},"end":{"line":9,"column":4702}}},"137":{"name":"(anonymous_137)","line":9,"loc":{"start":{"line":9,"column":4932},"end":{"line":9,"column":4942}}},"138":{"name":"(anonymous_138)","line":9,"loc":{"start":{"line":9,"column":5166},"end":{"line":9,"column":5176}}},"139":{"name":"(anonymous_139)","line":9,"loc":{"start":{"line":9,"column":5290},"end":{"line":9,"column":5300}}},"140":{"name":"(anonymous_140)","line":9,"loc":{"start":{"line":9,"column":5408},"end":{"line":9,"column":5418}}},"141":{"name":"(anonymous_141)","line":9,"loc":{"start":{"line":9,"column":5518},"end":{"line":9,"column":5528}}},"142":{"name":"(anonymous_142)","line":9,"loc":{"start":{"line":9,"column":5631},"end":{"line":9,"column":5641}}},"143":{"name":"(anonymous_143)","line":9,"loc":{"start":{"line":9,"column":7364},"end":{"line":9,"column":7375}}},"144":{"name":"(anonymous_144)","line":9,"loc":{"start":{"line":9,"column":7801},"end":{"line":9,"column":7811}}},"145":{"name":"(anonymous_145)","line":9,"loc":{"start":{"line":9,"column":8269},"end":{"line":9,"column":8279}}},"146":{"name":"(anonymous_146)","line":9,"loc":{"start":{"line":9,"column":8408},"end":{"line":9,"column":8418}}},"147":{"name":"(anonymous_147)","line":9,"loc":{"start":{"line":9,"column":8539},"end":{"line":9,"column":8549}}},"148":{"name":"(anonymous_148)","line":9,"loc":{"start":{"line":9,"column":8669},"end":{"line":9,"column":8680}}},"149":{"name":"(anonymous_149)","line":9,"loc":{"start":{"line":9,"column":9106},"end":{"line":9,"column":9117}}},"150":{"name":"(anonymous_150)","line":9,"loc":{"start":{"line":9,"column":9232},"end":{"line":9,"column":9243}}},"151":{"name":"(anonymous_151)","line":9,"loc":{"start":{"line":9,"column":9322},"end":{"line":9,"column":9333}}},"152":{"name":"(anonymous_152)","line":9,"loc":{"start":{"line":9,"column":9416},"end":{"line":9,"column":9427}}},"153":{"name":"(anonymous_153)","line":9,"loc":{"start":{"line":9,"column":9478},"end":{"line":9,"column":9488}}},"154":{"name":"(anonymous_154)","line":9,"loc":{"start":{"line":9,"column":9594},"end":{"line":9,"column":9604}}},"155":{"name":"(anonymous_155)","line":9,"loc":{"start":{"line":9,"column":9821},"end":{"line":9,"column":9831}}},"156":{"name":"(anonymous_156)","line":9,"loc":{"start":{"line":9,"column":10069},"end":{"line":9,"column":10079}}},"157":{"name":"(anonymous_157)","line":9,"loc":{"start":{"line":9,"column":10324},"end":{"line":9,"column":10334}}},"158":{"name":"(anonymous_158)","line":9,"loc":{"start":{"line":9,"column":10561},"end":{"line":9,"column":10571}}},"159":{"name":"(anonymous_159)","line":9,"loc":{"start":{"line":9,"column":10678},"end":{"line":9,"column":10688}}},"160":{"name":"(anonymous_160)","line":9,"loc":{"start":{"line":9,"column":10793},"end":{"line":9,"column":10804}}},"161":{"name":"(anonymous_161)","line":9,"loc":{"start":{"line":9,"column":10907},"end":{"line":9,"column":10917}}},"162":{"name":"(anonymous_162)","line":9,"loc":{"start":{"line":9,"column":12415},"end":{"line":9,"column":12426}}},"163":{"name":"(anonymous_163)","line":9,"loc":{"start":{"line":9,"column":12688},"end":{"line":9,"column":12699}}},"164":{"name":"(anonymous_164)","line":9,"loc":{"start":{"line":9,"column":13736},"end":{"line":9,"column":13746}}},"165":{"name":"(anonymous_165)","line":9,"loc":{"start":{"line":9,"column":13824},"end":{"line":9,"column":13834}}},"166":{"name":"(anonymous_166)","line":9,"loc":{"start":{"line":9,"column":14707},"end":{"line":9,"column":14718}}},"167":{"name":"(anonymous_167)","line":9,"loc":{"start":{"line":9,"column":16397},"end":{"line":9,"column":16407}}},"168":{"name":"(anonymous_168)","line":9,"loc":{"start":{"line":9,"column":17194},"end":{"line":9,"column":17205}}},"169":{"name":"(anonymous_169)","line":9,"loc":{"start":{"line":9,"column":17359},"end":{"line":9,"column":17369}}},"170":{"name":"(anonymous_170)","line":9,"loc":{"start":{"line":9,"column":17714},"end":{"line":9,"column":17725}}},"171":{"name":"(anonymous_171)","line":9,"loc":{"start":{"line":9,"column":17909},"end":{"line":9,"column":17919}}},"172":{"name":"(anonymous_172)","line":9,"loc":{"start":{"line":9,"column":18014},"end":{"line":9,"column":18024}}},"173":{"name":"(anonymous_173)","line":9,"loc":{"start":{"line":9,"column":18234},"end":{"line":9,"column":18245}}},"174":{"name":"(anonymous_174)","line":9,"loc":{"start":{"line":9,"column":18353},"end":{"line":9,"column":18364}}},"175":{"name":"(anonymous_175)","line":9,"loc":{"start":{"line":9,"column":18468},"end":{"line":9,"column":18478}}},"176":{"name":"(anonymous_176)","line":9,"loc":{"start":{"line":9,"column":18989},"end":{"line":9,"column":18999}}},"177":{"name":"(anonymous_177)","line":9,"loc":{"start":{"line":9,"column":19635},"end":{"line":9,"column":19646}}},"178":{"name":"(anonymous_178)","line":9,"loc":{"start":{"line":9,"column":19722},"end":{"line":9,"column":19732}}},"179":{"name":"(anonymous_179)","line":9,"loc":{"start":{"line":9,"column":22914},"end":{"line":9,"column":22924}}},"180":{"name":"(anonymous_180)","line":9,"loc":{"start":{"line":9,"column":23296},"end":{"line":9,"column":23306}}},"181":{"name":"(anonymous_181)","line":9,"loc":{"start":{"line":9,"column":23446},"end":{"line":9,"column":23456}}},"182":{"name":"(anonymous_182)","line":9,"loc":{"start":{"line":9,"column":23803},"end":{"line":9,"column":23813}}},"183":{"name":"(anonymous_183)","line":9,"loc":{"start":{"line":9,"column":23906},"end":{"line":9,"column":23916}}},"184":{"name":"(anonymous_184)","line":9,"loc":{"start":{"line":9,"column":24517},"end":{"line":9,"column":24528}}},"185":{"name":"(anonymous_185)","line":9,"loc":{"start":{"line":9,"column":24819},"end":{"line":9,"column":24834}}},"186":{"name":"(anonymous_186)","line
[...]
eplace !== 'undefined') {","          registeredComponents_[i] = optReplace;","        }","        return registeredComponents_[i];","      }","    }","    return false;","  }","","  /**","   * Returns an array of the classNames of the upgraded classes on the element.","   *","   * @param {!Element} element The element to fetch data from.","   * @return {!Array<string>}","   * @private","   */","  function getUpgradedListOfElement_(element) {","    var dataUpgraded = element.getAttribute('data-upgraded');","    // Use `['']` as default value to conform the `,name,name...` style.","    return dataUpgraded === null ? [''] : dataUpgraded.split(',');","  }","","  /**","   * Returns true if the given element has already been upgraded for the given","   * class.","   *","   * @param {!Element} element The element we want to check.","   * @param {string} jsClass The class to check for.","   * @returns {boolean}","   * @private","   */","  function isElementUpgraded_(element, jsClass) {","    var upgradedList = getUpgradedListOfElement_(element);","    return upgradedList.indexOf(jsClass) !== -1;","  }","","  /**","   * Create an event object.","   *","   * @param {string} eventType The type name of the event.","   * @param {boolean} bubbles Whether the event should bubble up the DOM.","   * @param {boolean} cancelable Whether the event can be canceled.","   * @returns {!Event}","   */","  function createEvent_(eventType, bubbles, cancelable) {","    if ('CustomEvent' in window && typeof window.CustomEvent === 'function') {","      return new CustomEvent(eventType, {","        bubbles: bubbles,","        cancelable: cancelable","      });","    } else {","      var ev = document.createEvent('Events');","      ev.initEvent(eventType, bubbles, cancelable);","      return ev;","    }","  }","","  /**","   * Searches existing DOM for elements of our component type and upgrades them","   * if they have not already been upgraded.","   *","   * @param {string=} optJsClass the programatic name of the element class we","   * need to create a new instance of.","   * @param {string=} optCssClass the name of the CSS class elements of this","   * type will have.","   */","  function upgradeDomInternal(optJsClass, optCssClass) {","    if (typeof optJsClass === 'undefined' &&","        typeof optCssClass === 'undefined') {","      for (var i = 0; i < registeredComponents_.length; i++) {","        upgradeDomInternal(registeredComponents_[i].className,","            registeredComponents_[i].cssClass);","      }","    } else {","      var jsClass = /** @type {string} */ (optJsClass);","      if (typeof optCssClass === 'undefined') {","        var registeredClass = findRegisteredClass_(jsClass);","        if (registeredClass) {","          optCssClass = registeredClass.cssClass;","        }","      }","","      var elements = document.querySelectorAll('.' + optCssClass);","      for (var n = 0; n < elements.length; n++) {","        upgradeElementInternal(elements[n], jsClass);","      }","    }","  }","","  /**","   * Upgrades a specific element rather than all in the DOM.","   *","   * @param {!Element} element The element we wish to upgrade.","   * @param {string=} optJsClass Optional name of the class we want to upgrade","   * the element to.","   */","  function upgradeElementInternal(element, optJsClass) {","    // Verify argument type.","    if (!(typeof element === 'object' && element instanceof Element)) {","      throw new Error('Invalid argument provided to upgrade MDL element.');","    }","    // Allow upgrade to be canceled by canceling emitted event.","    var upgradingEv = createEvent_('mdl-componentupgrading', true, true);","    element.dispatchEvent(upgradingEv);","    if (upgradingEv.defaultPrevented) {","      return;","    }","","    var upgradedList = getUpgradedListOfElement_(element);","    var classesToUpgrade = [];","    // If jsClass is not provided scan the registered components to find the","    // ones matching the element's CSS classList.","    if (!optJsClass) {","      var classList = element.classList;","      registeredComponents_.forEach(function(component) {","        // Match CSS & Not to be upgraded & Not upgraded.","        if (classList.contains(component.cssClass) &&","            classesToUpgrade.indexOf(component) === -1 &&","            !isElementUpgraded_(element, component.className)) {","          classesToUpgrade.push(component);","        }","      });","    } else if (!isElementUpgraded_(element, optJsClass)) {","      classesToUpgrade.push(findRegisteredClass_(optJsClass));","    }","","    // Upgrade the element for each classes.","    for (var i = 0, n = classesToUpgrade.length, registeredClass; i < n; i++) {","      registeredClass = classesToUpgrade[i];","      if (registeredClass) {","        // Mark element as upgraded.","        upgradedList.push(registeredClass.className);","        element.setAttribute('data-upgraded', upgradedList.join(','));","        var instance = new registeredClass.classConstructor(element);","        instance[componentConfigProperty_] = registeredClass;","        createdComponents_.push(instance);","        // Call any callbacks the user has registered with this component type.","        for (var j = 0, m = registeredClass.callbacks.length; j < m; j++) {","          registeredClass.callbacks[j](element);","        }","","        if (registeredClass.widget) {","          // Assign per element instance for control over API","          element[registeredClass.className] = instance;","        }","      } else {","        throw new Error(","          'Unable to find a registered component for the given class.');","      }","","      var upgradedEv = createEvent_('mdl-componentupgraded', true, false);","      element.dispatchEvent(upgradedEv);","    }","  }","","  /**","   * Upgrades a specific list of elements rather than all in the DOM.","   *","   * @param {!Element|!Array<!Element>|!NodeList|!HTMLCollection} elements","   * The elements we wish to upgrade.","   */","  function upgradeElementsInternal(elements) {","    if (!Array.isArray(elements)) {","      if (elements instanceof Element) {","        elements = [elements];","      } else {","        elements = Array.prototype.slice.call(elements);","      }","    }","    for (var i = 0, n = elements.length, element; i < n; i++) {","      element = elements[i];","      if (element instanceof HTMLElement) {","        upgradeElementInternal(element);","        if (element.children.length > 0) {","          upgradeElementsInternal(element.children);","        }","      }","    }","  }","","  /**","   * Registers a class for future use and attempts to upgrade existing DOM.","   *","   * @param {componentHandler.ComponentConfigPublic} config","   */","  function registerInternal(config) {","    // In order to support both Closure-compiled and uncompiled code accessing","    // this method, we need to allow for both the dot and array syntax for","    // property access. You'll therefore see the `foo.bar || foo['bar']`","    // pattern repeated across this method.","    var widgetMissing = (typeof config.widget === 'undefined' &&","        typeof config['widget'] === 'undefined');","    var widget = true;","","    if (!widgetMissing) {","      widget = config.widget || config['widget'];","    }","","    var newConfig = /** @type {componentHandler.ComponentConfig} */ ({","      classConstructor: config.constructor || config['constructor'],","      className: config.classAsString || config['classAsString'],","      cssClass: config.cssClass || config['cssClass'],","      widget: widget,","      callbacks: []","    });","","    registeredComponents_.forEach(function(item) {","      if (item.cssClass === newConfig.cssClass) {","        throw new Error('The provided cssClass has already been registered: ' + item.cssClass);","      }","      if (item.className === newConfig.className) {","        throw new Error('The provided className has already been registered');","      }","    });","","    if (config.constructor.prototype","        .hasOwnProperty(componentConfigProperty_)) {","      throw new Error(","          'MDL component classes must not have ' + componentConfigProperty_ +","          ' defined as a property.');","    }","","    var found = findRegisteredClass_(config.classAsString, newConfig);","","    if (!found) {","      registeredComponents_.push(newConfig);","    }","  }","","  /**","   * Allows user to be alerted to any upgrades that are performed for a given","   * component type","   *","   * @param {string} jsClass The class name of the MDL component we wish","   * to hook into for any upgrades performed.","   * @param {function(!HTMLElement)} callback The function to call upon an","   * upgrade. This function should expect 1 parameter - the HTMLElement which","   * got upgraded.","   */","  function registerUpgradedCallbackInternal(jsClass, callback) {","    var regClass = findRegisteredClass_(jsClass);","    if (regClass) {","      regClass.callbacks.push(callback);","    }","  }","","  /**","   * Upgrades all registered components found in the current DOM. This is","   * automatically called on window load.","   */","  function upgradeAllRegisteredInternal() {","    for (var n = 0; n < registeredComponents_.length; n++) {","      upgradeDomInternal(registeredComponents_[n].className);","    }","  }","","  /**","   * Check the component for the downgrade method.","   * Execute if found.","   * Remove component from createdComponents list.","   *","   * @param {?componentHandler.Component} component","   */","  function deconstructComponentInternal(component) {","    if (component) {","      var componentIndex = createdComponents_.indexOf(component);","      createdComponents_.splice(componentIndex, 1);","","      var upgrades = component.element_.getAttribute('data-upgraded').split(',');","      var componentPlace = upgrades.indexOf(component[componentConfigProperty_].classAsString);","      upgrades.splice(componentPlace, 1);","      component.element_.setAttribute('data-upgraded', upgrades.join(','));","","      var ev = createEvent_('mdl-componentdowngraded', true, false);","      component.element_.dispatchEvent(ev);","    }","  }","","  /**","   * Downgrade either a given node, an array of nodes, or a NodeList.","   *","   * @param {!Node|!Array<!Node>|!NodeList} nodes","   */","  function downgradeNodesInternal(nodes) {","    /**","     * Auxiliary function to downgrade a single node.","     * @param  {!Node} node the node to be downgraded","     */","    var downgradeNode = function(node) {","      createdComponents_.filter(function(item) {","        return item.element_ === node;","      }).forEach(deconstructComponentInternal);","    };","    if (nodes instanceof Array || nodes instanceof NodeList) {","      for (var n = 0; n < nodes.length; n++) {","        downgradeNode(nodes[n]);","      }","    } else if (nodes instanceof Node) {","      downgradeNode(nodes);","    } else {","      throw new Error('Invalid argument provided to downgrade MDL nodes.');","    }","  }","","  // Now return the functions that should be made public with their publicly","  // facing names...","  return {","    upgradeDom: upgradeDomInternal,","    upgradeElement: upgradeElementInternal,","    upgradeElements: upgradeElementsInternal,","    upgradeAllRegistered: upgradeAllRegisteredInternal,","    registerUpgradedCallback: registerUpgradedCallbackInternal,","    register: registerInternal,","    downgradeElements: downgradeNodesInternal","  };","})();","","/**"," * Describes the type of a registered component type managed by"," * componentHandler. Provided for benefit of the Closure compiler."," *"," * @typedef {{"," *   constructor: Function,"," *   classAsString: string,"," *   cssClass: string,"," *   widget: (string|boolean|undefined)"," * }}"," */","componentHandler.ComponentConfigPublic;  // jshint ignore:line","","/**"," * Describes the type of a registered component type managed by"," * componentHandler. Provided for benefit of the Closure compiler."," *"," * @typedef {{"," *   constructor: !Function,"," *   className: string,"," *   cssClass: string,"," *   widget: (string|boolean),"," *   callbacks: !Array<function(!HTMLElement)>"," * }}"," */","componentHandler.ComponentConfig;  // jshint ignore:line","","/**"," * Created component (i.e., upgraded element) type as managed by"," * componentHandler. Provided for benefit of the Closure compiler."," *"," * @typedef {{"," *   element_: !HTMLElement,"," *   className: string,"," *   classAsString: string,"," *   cssClass: string,"," *   widget: string"," * }}"," */","componentHandler.Component;  // jshint ignore:line","","// Export all symbols, for the benefit of Closure compiler.","// No effect on uncompiled code.","componentHandler['upgradeDom'] = componentHandler.upgradeDom;","componentHandler['upgradeElement'] = componentHandler.upgradeElement;","componentHandler['upgradeElements'] = componentHandler.upgradeElements;","componentHandler['upgradeAllRegistered'] =","    componentHandler.upgradeAllRegistered;","componentHandler['registerUpgradedCallback'] =","    componentHandler.registerUpgradedCallback;","componentHandler['register'] = componentHandler.register;","componentHandler['downgradeElements'] = componentHandler.downgradeElements;","window.componentHandler = componentHandler;","window['componentHandler'] = componentHandler;","","window.addEventListener('load', function() {","  'use strict';","","  /**","   * Performs a \"Cutting the mustard\" test. If the browser supports the features","   * tested, adds a mdl-js class to the <html> element. It then upgrades all MDL","   * components requiring JavaScript.","   */","  if ('classList' in document.createElement('div') &&","      'querySelector' in document &&","      'addEventListener' in window && Array.prototype.forEach) {","    document.documentElement.classList.add('mdl-js');","    componentHandler.upgradeAllRegistered();","  } else {","    /**","     * Dummy function to avoid JS errors.","     */","    componentHandler.upgradeElement = function() {};","    /**","     * Dummy function to avoid JS errors.","     */","    componentHandler.register = function() {};","  }","});",""],"l":{"29":2,"85":2,"89":2,"92":2,"94":2,"105":1,"106":0,"107":0,"108":0,"109":0,"111":0,"114":0,"124":1,"125":0,"127":0,"139":1,"140":0,"141":0,"152":1,"153":0,"154":0,"159":0,"160":0,"161":0,"174":1,"175":0,"177":0,"178":0,"182":0,"183":0,"184":0,"185":0,"186":0,"190":0,"191":0,"192":0,"204":1,"206":0,"207":0,"210":0,"211":0,"212":0,"213":0,"216":0,"217":0,"220":0,"221":0,"222":0,"224":0,"227":0,"230":0,"231":0,"235":0,"236":0,"237":0,"239":0,"240":0,"241":0,"242":0,"243":0,"245":0,"246":0,"249":0,"251":0,"254":0,"258":0,"259":0,"269":1,"270":0,"271":0,"272":0,"274":0,"277":0,"278":0,"279":0,"280":0,"281":0,"282":0,"293":1,"298":0,"300":0,"302":0,"303":0,"306":0,"314":0,"315":0,"316":0,"318":0,"319":0,"323":0,"325":0,"330":0,"332":0,"333":0,"347":1,"348":0,"349":0,"350":0,"358":1,"359":0,"360":0,"371":1,"372":0,"373":0,"374":0,"376":0,"377":0,"378":0,"379":0,"381":0,"382":0,"391":1,"396":0,"397":0,"398":0,"401":0,"402":0,"403":0,"405":0,"406":0,"408":0,"414":2,"436":2,"450":2,"464":2,"468":2,"469":2,"470":2,"471":2,"473":2,"475":2,"476":2,"477":2,"478":0,"480":0,"488":0,"491":0,"492":0,"497":0,"501":0}},"/home/travis/build/npmtest/node-npmtest-material-design-lite/node_modules/material-design-lite/utils/uniffe.js":{"path":"/home/travis/build/npmtest/node-npmtest-material-design-lite/node_modules/material-design-lite/utils/uniffe.js","s":{"1":2,"2":0,"3":0,"4":1,"5":0,"6":0,"7":0,"8":0,"9":0,"10":0,"11":0,"12":0,"13":0,"14":0,"15":0,"16":0,"17":0,"18":0,"19":0,"20":0},"b":{"1":[0,0],"2":[0,0],"3":[0,0]},"f":{"1":0,"2":0,"3":0},"fnMap":{"1":{"name":"uniffe","line":25,"loc":{"start":{"line":25,"column":0},"end":{"line":25,"column":26}}},"2":{"name":"(anonymous_2)","line":53,"loc":{"start":{"line":53,"column":17},"end":{"line":53,"column":28}}},"3":{"name":"(anonymous_3)","line":54,"loc":{"start":{"line":54,"column":21},"end":{"line":54,"column":45}}}},"statementMap":{"1":{"start":{"line":21,"column":0},"end":{"line":21,"column":34}},"2":{"start":{"line":22,"column":0},"end":{"line":22,"column":37}},"3":{"start":{"line":23,"column":0},"end":{"line":23,"column":29}},"4":{"start":{"line":25,"column":0},"end":{"line":51,"column":1}},"5":{"start":{"line":26,"column":2},"end":{"line":26,"column":20}},"6":{"start":{"line":27,"column":2},"end":{"line":27,"column":18}},"7":{"start":{"line":29,"column":2},"end":{"line":33,"column":5}},"8":{"start":{"line":35,"column":2},"end":{"line":35,"column":50}},"9":{"start":{"line":37,"column":2},"end":{"line":40,"column":3}},"10":{"start":{"line":39,"column":4},"end":{"line":39,"column":20}},"11":{"start":{"line":42,"column":2},"end":{"line":42,"column":55}},"12":{"start":{"line":44,"column":2},"end":{"line":44,"column":31}},"13":{"start":{"line":46,"column":2},"end":{"line":46,"column":47}},"14":{"start":{"line":48,"column":2},"end":{"line":48,"column":60}},"15":{"start":{"line":50,"column":2},"end":{"line":50,"column":58}},"16":{"start":{"line":53,"column":0},"end":{"line":61,"column":2}},"17":{"start":{"line":54,"column":2},"end":{"line":60,"column":5}},"18":{"start":{"line":55,"column":4},"end":{"line":57,"column":5}},"19":{"start":{"line":56,"column":6},"end":{"line":56,"column":75}},"20":{"start":{"line":59,"column":4},"end":{"line":59,"column":19}}},"branchMap":{"1":{"line":37,"type":"if","locations":[{"start":{"line":37,"column":2},"end":{"line":37,"column":2}},{"start":{"line":37,"column":2},"end":{"line":37,"column":2}}]},"2":{"line":37,"type":"binary-expr","locations":[{"start":{"line":37,"column":6},"end":{"line":37,"column":42}},{"start":{"line":38,"column":6},"end":{"line":38,"column":49}}]},"3":{"line":55,"type":"if","locations":[{"start":{"line":55,"column":4},"end":{"line":55,"column":4}},{"start":{"line":55,"column":4},"end":{"line":55,"column":4}}]}},"code":["/**"," *"," *  Material Design Lite"," *  Copyright 2015 Google Inc. All rights reserved."," *"," *  Licensed under the Apache License, Version 2.0 (the \"License\");"," *  you may not use this file except in compliance with the License."," *  You may obtain a copy of the License at"," *"," *      https://www.apache.org/licenses/LICENSE-2.0"," *"," *  Unless required by applicable law or agreed to in writing, software"," *  distributed under the License is distributed on an \"AS IS\" BASIS,"," *  WITHOUT WARRANTIES OR CONDITIONS OF ANY KIND, either express or implied."," *  See the License for the specific language governing permissions and"," *  limitations under the License"," *"," */","'use strict';","","var through = require('through2');","var escodegen = require('escodegen');","var acorn = require('acorn');","","function uniffe(contents) {","  var comments = [];","  var tokens = [];","","  var ast = acorn.parse(contents, {","    ranges: true,","    onComment: comments,","    onToken: tokens","  });","","  escodegen.attachComments(ast, comments, tokens);","","  if (ast.body[0].expression === undefined ||","      ast.body[0].expression.callee === undefined) {","    return contents;","  }","","  var rootProgram = ast.body[0].expression.callee.body;","","  rootProgram.type = 'Program';","  // drop use strict","  rootProgram.body = rootProgram.body.slice(1);","  // attach all leading comments from outside iffe","  rootProgram.leadingComments = ast.body[0].leadingComments;","","  return escodegen.generate(rootProgram, {comment: true});","}","","module.exports = function() {","  return through.obj(function(file, enc, cb) {","    if (file.isBuffer()) {","      file.contents = new Buffer(uniffe(file.contents.toString(enc)), enc);","    }","","    cb(null, file);","  });","};",""],"l":{"21":2,"22":0,"23":0,"25":1,"26":0,"27":0,"29":0,"35":0,"37":0,"39":0,"42":0,"44":0,"46":0,"48":0,"50":0,"53":0,"54":0,"55":0,"56":0,"59":0}}}